Query df_companies_sv from server:
     company_id                                      company_title
0        C00000                   CEI International Investments VN
1        C00002  CÔNG TY CỔ PHẦN GIÁO DỤC VÀ THƯƠNG MẠI RIKI VI...
2        C00003                            CÔNG TY CỔ PHẦN MÙA GẶT
3        C00004           CÔNG TY CỔ PHẦN TM & SX NỘI THẤT THE ONE
4        C00005                      CÔNG TY CỔ PHẦN TẬP ĐOÀN AMDI
...         ...                                                ...
1829     C01834                       công ty cổ phần KTG Electric
1830     C01835                        công ty thép Cương Phát dst
1831     C01836  Điện Máy Chợ Lớn - Siêu Thị Điện Máy - Nội Thấ...
1832     C01837             Đắc Nhân Tâm Entrepreneurs School JSC.
1833     C01838                          ĐỐI TÁC NHÂN SỰ NGÂN HÀNG

[1834 rows x 2 columns]

Number of company_id unique: 1834 unique values
Check number of company_id unique:
True

Number of company_title unique: 1834 unique values
Check number of company_title unique:
True

Query df_job_id from server:
        job_id
0     35BB7E70
1     35BB7E5A
2     35BB7E5D
3     35BB7E59
4     35BB7E5F
...        ...
6052  35BB1286
6053  35BB128C
6054  35BB12EA
6055  35BB1400
6056  35BB12E1

[6057 rows x 1 columns]

Number of job_id unique: 6057 unique values
Check number of job_id unique:
True

Query df_ordered_cap_bac from server:
                    cap_bac  STT
0             Tổng giám đốc    1
1                  Giám đốc    2
2              Phó Giám đốc    3
3                   Quản lý    4
4    Trưởng nhóm / Giám sát    5
5                 Nhân viên    6
6            Mới tốt nghiệp    7
7  Sinh viên/ Thực tập sinh    8
8                   Unknown    9

Query city from server:
           City
0   Tuyên Quang
1      Tây Ninh
2   Hồ Chí Minh
3        Hà Nội
4    Bình Dương
..          ...
68      Kon Tum
69       Kratie
70    Vientiane
71        Tokyo
72    Phnompenh

[73 rows x 1 columns]

Number of city unique: 73 unique values
Check number of city unique:
True

1) Processing raw data

List raw data files:
	 all_jobs_cb_202303012126.csv

1.1) Combine raw data

	 all_jobs_cb_202303012126.csv - 1300 rows

Total rows: 1300

<class 'pandas.core.frame.DataFrame'>
RangeIndex: 1300 entries, 0 to 1299
Data columns (total 20 columns):
 #   Column               Non-Null Count  Dtype 
---  ------               --------------  ----- 
 0   job_title            1300 non-null   object
 1   job_id               1300 non-null   object
 2   job_url              1300 non-null   object
 3   company_title        1300 non-null   object
 4   company_url          1300 non-null   object
 5   company_video_url    383 non-null    object
 6   salary               1300 non-null   object
 7   location             1300 non-null   object
 8   outstanding_welfare  1265 non-null   object
 9   announcement_date    1300 non-null   object
 10  nganh_nghe           1227 non-null   object
 11  hinh_thuc            1227 non-null   object
 12  kinh_nghiem          1227 non-null   object
 13  cap_bac              1227 non-null   object
 14  expiration_date      1073 non-null   object
 15  detailed_welfare     1205 non-null   object
 16  job_description      1285 non-null   object
 17  job_requirements     1285 non-null   object
 18  other_info           1285 non-null   object
 19  job_tags             937 non-null    object
dtypes: object(20)
memory usage: 203.2+ KB

Drop NaN job_id
Total rows before drop: 1300
Done
Total rows before drop: 1300

Fill Unknown for all NaN values
Done

<class 'pandas.core.frame.DataFrame'>
Int64Index: 1300 entries, 0 to 1299
Data columns (total 20 columns):
 #   Column               Non-Null Count  Dtype 
---  ------               --------------  ----- 
 0   job_title            1300 non-null   object
 1   job_id               1300 non-null   object
 2   job_url              1300 non-null   object
 3   company_title        1300 non-null   object
 4   company_url          1300 non-null   object
 5   company_video_url    1300 non-null   object
 6   salary               1300 non-null   object
 7   location             1300 non-null   object
 8   outstanding_welfare  1300 non-null   object
 9   announcement_date    1300 non-null   object
 10  nganh_nghe           1300 non-null   object
 11  hinh_thuc            1300 non-null   object
 12  kinh_nghiem          1300 non-null   object
 13  cap_bac              1300 non-null   object
 14  expiration_date      1300 non-null   object
 15  detailed_welfare     1300 non-null   object
 16  job_description      1300 non-null   object
 17  job_requirements     1300 non-null   object
 18  other_info           1300 non-null   object
 19  job_tags             1300 non-null   object
dtypes: object(20)
memory usage: 213.3+ KB

Strip all cell values
Done

Check total rows:
True

Filter existence job_id:
Done

<class 'pandas.core.frame.DataFrame'>
Int64Index: 1134 entries, 0 to 1299
Data columns (total 20 columns):
 #   Column               Non-Null Count  Dtype 
---  ------               --------------  ----- 
 0   job_title            1134 non-null   object
 1   job_id               1134 non-null   object
 2   job_url              1134 non-null   object
 3   company_title        1134 non-null   object
 4   company_url          1134 non-null   object
 5   company_video_url    1134 non-null   object
 6   salary               1134 non-null   object
 7   location             1134 non-null   object
 8   outstanding_welfare  1134 non-null   object
 9   announcement_date    1134 non-null   object
 10  nganh_nghe           1134 non-null   object
 11  hinh_thuc            1134 non-null   object
 12  kinh_nghiem          1134 non-null   object
 13  cap_bac              1134 non-null   object
 14  expiration_date      1134 non-null   object
 15  detailed_welfare     1134 non-null   object
 16  job_description      1134 non-null   object
 17  job_requirements     1134 non-null   object
 18  other_info           1134 non-null   object
 19  job_tags             1134 non-null   object
dtypes: object(20)
memory usage: 186.0+ KB

Number of job_id unique: 1134 unique values
Check number of job_id unique:
True

1.2) Processing "location" column

Cities in raw data:
  'Hà Tĩnh'
  'Hải Phòng'
  'Bà Rịa - Vũng Tàu'
  'Vĩnh Long'
  'Bình Thuận'
  'Thái Nguyên'
  'Bình Định'
  'Hòa Bình'
  'Phú Thọ'
  'Toàn quốc'
  'Lạng Sơn'
  'Hà Nội'
  'Tiền Giang'
  'Khánh Hòa'
  'Vĩnh Phúc'
  'Hưng Yên'
  'Đồng Nai'
  'Hồ Chí Minh'
  'Sóc Trăng'
  'Nam Định'
  'Bình Phước'
  'Bắc Giang'
  'Tây Ninh'
  'Kiên Giang'
  'KV Bắc Trung Bộ'
  'Thừa Thiên- Huế'
  'Bình Dương'
  'Đà Nẵng'
  'Quảng Ngãi'
  'Thái Bình'
  'Cần Thơ'
  'Hải Dương'
  'Ninh Bình'
  'Đồng Tháp'
  'Long An'
  'Bạc Liêu'
  'Bến Tre'
  'Quảng Ninh'
  'Quảng Nam'
  'An Giang'
  'Dak Nông'
  'Cà Mau'
  'Trà Vinh'
  'Hậu Giang'
  'Gia Lai'
  'Thanh Hóa'
  'Cao Bằng'
  'Phú Yên'
  'Quảng Bình'
  'Yên Bái'
  'Bắc Ninh'
  'Hà Nam'
  'Lâm Đồng'
  'KV Nam Trung Bộ'
  'Quảng Trị'
  'Nghệ An'

Process "location" column
Done

Explode location_job dataset
Done

                   City    job_id                                      company_title
0                Hà Nội  35BB86D8  Công ty cổ phần ứng dụng và chuyển giao công n...
1     Bà Rịa - Vũng Tàu  35BB86C8                              LOTTE FINANCE VIETNAM
2           Hồ Chí Minh  35BB86C7                              LOTTE FINANCE VIETNAM
3               Long An  35BB86CA                              LOTTE FINANCE VIETNAM
4     Bà Rịa - Vũng Tàu  35BB86CB                              LOTTE FINANCE VIETNAM
...                 ...       ...                                                ...
1296        Hồ Chí Minh  35BB8603                  East West Industries Vietnam LLC.
1297        Hồ Chí Minh  35BB844B                                   HEINEKEN Vietnam
1298        Hồ Chí Minh  35BB8451                            Tập Đoàn Karofi Holding
1298             Hà Nội  35BB8451                            Tập Đoàn Karofi Holding
1299        Hồ Chí Minh  35BB8632   Công Ty Cổ Phần Xây Dựng Và Kết Cấu Thép Đại Tín

[1275 rows x 3 columns]

Total number of cities in raw data: 1275 cities
Check total number of cities in raw data:
True

Fill NaN values with "Unknown"

Check drop_duplicates makes difference
True

Check for existence of company_title in raw data (Any new company title?)
             City    job_id                                    company_title
11       Đồng Nai  35BB86D5       CÔNG TY TNHH VIESSMANN TECHNOLOGY VIỆT NAM
15         Hà Nội  35BB8504           CÔNG TY TNHH THƯƠNG MẠI QUỐC TẾ SON VI
19         Hà Nội  35BB8691  THỜI TRANG LINING_CÔNG TY TNHH QUỐC TẾ HẢI LONG
26    Hồ Chí Minh  35BB8699                          Công ty Gofingo Vietnam
32         Hà Nội  35BB869C        CÔNG TY TNHH DƯỢC MỸ PHẨM QUỐC TẾ LIISKIN
...           ...       ...                                              ...
1291       Hà Nội  35BB8631       Công ty TNHH thực phẩm sạch thương mại T&P
1292   Bình Dương  35BB85B8                         New Toyo Pulppy Viet Nam
1294  Hồ Chí Minh  35BB8633                                          Motives
1296   Bình Dương  35BB8603                East West Industries Vietnam LLC.
1296  Hồ Chí Minh  35BB8603                East West Industries Vietnam LLC.

[276 rows x 3 columns]

There were some companies that their titles do not exists in database (df_companies_sv['company_title']) before

                                        company_title
11         CÔNG TY TNHH VIESSMANN TECHNOLOGY VIỆT NAM
15             CÔNG TY TNHH THƯƠNG MẠI QUỐC TẾ SON VI
19    THỜI TRANG LINING_CÔNG TY TNHH QUỐC TẾ HẢI LONG
26                            Công ty Gofingo Vietnam
32          CÔNG TY TNHH DƯỢC MỸ PHẨM QUỐC TẾ LIISKIN
...                                               ...
1280                     CÔNG TY TNHH XIN CHÀO BÁC SĨ
1286                 CÔNG TY TNHH DIKSHA TECHNOLOGIES
1289               Công ty Cổ phần Đầu tư Asia Dragon
1292                         New Toyo Pulppy Viet Nam
1294                                          Motives

[189 rows x 1 columns]

Number of companies needs to add to database: 189

df_companies_sv
     company_id                                      company_title
0        C00000                   CEI International Investments VN
1        C00002  CÔNG TY CỔ PHẦN GIÁO DỤC VÀ THƯƠNG MẠI RIKI VI...
2        C00003                            CÔNG TY CỔ PHẦN MÙA GẶT
3        C00004           CÔNG TY CỔ PHẦN TM & SX NỘI THẤT THE ONE
4        C00005                      CÔNG TY CỔ PHẦN TẬP ĐOÀN AMDI
...         ...                                                ...
1829     C01834                       công ty cổ phần KTG Electric
1830     C01835                        công ty thép Cương Phát dst
1831     C01836  Điện Máy Chợ Lớn - Siêu Thị Điện Máy - Nội Thấ...
1832     C01837             Đắc Nhân Tâm Entrepreneurs School JSC.
1833     C01838                          ĐỐI TÁC NHÂN SỰ NGÂN HÀNG

[1834 rows x 2 columns]

Add company_id for new companies
Done

     company_id                                    company_title
11       C01839       CÔNG TY TNHH VIESSMANN TECHNOLOGY VIỆT NAM
15       C01840           CÔNG TY TNHH THƯƠNG MẠI QUỐC TẾ SON VI
19       C01841  THỜI TRANG LINING_CÔNG TY TNHH QUỐC TẾ HẢI LONG
26       C01842                          Công ty Gofingo Vietnam
32       C01843        CÔNG TY TNHH DƯỢC MỸ PHẨM QUỐC TẾ LIISKIN
...         ...                                              ...
1280     C02023                     CÔNG TY TNHH XIN CHÀO BÁC SĨ
1286     C02024                 CÔNG TY TNHH DIKSHA TECHNOLOGIES
1289     C02025               Công ty Cổ phần Đầu tư Asia Dragon
1292     C02026                         New Toyo Pulppy Viet Nam
1294     C02027                                          Motives

[189 rows x 2 columns]

Concatenate df_jobs_unknown to df_companies_sv
Done

     company_id                                      company_title
0        C00000                   CEI International Investments VN
1        C00002  CÔNG TY CỔ PHẦN GIÁO DỤC VÀ THƯƠNG MẠI RIKI VI...
2        C00003                            CÔNG TY CỔ PHẦN MÙA GẶT
3        C00004           CÔNG TY CỔ PHẦN TM & SX NỘI THẤT THE ONE
4        C00005                      CÔNG TY CỔ PHẦN TẬP ĐOÀN AMDI
...         ...                                                ...
1280     C02023                       CÔNG TY TNHH XIN CHÀO BÁC SĨ
1286     C02024                   CÔNG TY TNHH DIKSHA TECHNOLOGIES
1289     C02025                 Công ty Cổ phần Đầu tư Asia Dragon
1292     C02026                           New Toyo Pulppy Viet Nam
1294     C02027                                            Motives

[2023 rows x 2 columns]

Get additional columns: "company_url" and "company_video_url" columns

    company_id                                    company_title                                        company_url company_video_url
0       C01839       CÔNG TY TNHH VIESSMANN TECHNOLOGY VIỆT NAM  https://careerbuilder.vn/vi/nha-tuyen-dung/con...           Unknown
1       C01840           CÔNG TY TNHH THƯƠNG MẠI QUỐC TẾ SON VI  https://careerbuilder.vn/vi/nha-tuyen-dung/con...           Unknown
2       C01841  THỜI TRANG LINING_CÔNG TY TNHH QUỐC TẾ HẢI LONG  https://careerbuilder.vn/vi/nha-tuyen-dung/tho...           Unknown
3       C01841  THỜI TRANG LINING_CÔNG TY TNHH QUỐC TẾ HẢI LONG  https://careerbuilder.vn/vi/nha-tuyen-dung/tho...           Unknown
4       C01841  THỜI TRANG LINING_CÔNG TY TNHH QUỐC TẾ HẢI LONG  https://careerbuilder.vn/vi/nha-tuyen-dung/tho...           Unknown
..         ...                                              ...                                                ...               ...
238     C02023                     CÔNG TY TNHH XIN CHÀO BÁC SĨ  https://careerbuilder.vn/vi/nha-tuyen-dung/con...           Unknown
239     C02024                 CÔNG TY TNHH DIKSHA TECHNOLOGIES  https://careerbuilder.vn/vi/nha-tuyen-dung/con...           Unknown
240     C02025               Công ty Cổ phần Đầu tư Asia Dragon  https://careerbuilder.vn/vi/nha-tuyen-dung/con...           Unknown
241     C02026                         New Toyo Pulppy Viet Nam  https://careerbuilder.vn/vi/nha-tuyen-dung/new...           Unknown
242     C02027                                          Motives  https://careerbuilder.vn/vi/nha-tuyen-dung/mot...           Unknown

[243 rows x 4 columns]

Processing "company_url" and "company_video_url" columns to get unique "company_id" and "company_title" columns

    company_id                                    company_title                                        company_url company_video_url
0       C01839       CÔNG TY TNHH VIESSMANN TECHNOLOGY VIỆT NAM  https://careerbuilder.vn/vi/nha-tuyen-dung/con...           Unknown
1       C01840           CÔNG TY TNHH THƯƠNG MẠI QUỐC TẾ SON VI  https://careerbuilder.vn/vi/nha-tuyen-dung/con...           Unknown
2       C01841  THỜI TRANG LINING_CÔNG TY TNHH QUỐC TẾ HẢI LONG  https://careerbuilder.vn/vi/nha-tuyen-dung/tho...           Unknown
3       C01842                          Công ty Gofingo Vietnam  https://careerbuilder.vn/vi/nha-tuyen-dung/con...           Unknown
4       C01843        CÔNG TY TNHH DƯỢC MỸ PHẨM QUỐC TẾ LIISKIN  https://careerbuilder.vn/vi/nha-tuyen-dung/con...           Unknown
..         ...                                              ...                                                ...               ...
184     C02023                     CÔNG TY TNHH XIN CHÀO BÁC SĨ  https://careerbuilder.vn/vi/nha-tuyen-dung/con...           Unknown
185     C02024                 CÔNG TY TNHH DIKSHA TECHNOLOGIES  https://careerbuilder.vn/vi/nha-tuyen-dung/con...           Unknown
186     C02025               Công ty Cổ phần Đầu tư Asia Dragon  https://careerbuilder.vn/vi/nha-tuyen-dung/con...           Unknown
187     C02026                         New Toyo Pulppy Viet Nam  https://careerbuilder.vn/vi/nha-tuyen-dung/new...           Unknown
188     C02027                                          Motives  https://careerbuilder.vn/vi/nha-tuyen-dung/mot...           Unknown

[189 rows x 4 columns]

Save df_jobs_unknown to "companies.csv"

df_jobs merge with df_companies_sv
Done

                   City    job_id                                      company_title company_id
0                Hà Nội  35BB86D8  Công ty cổ phần ứng dụng và chuyển giao công n...     C01389
1     Bà Rịa - Vũng Tàu  35BB86C8                              LOTTE FINANCE VIETNAM     C01537
2           Hồ Chí Minh  35BB86C7                              LOTTE FINANCE VIETNAM     C01537
3               Long An  35BB86CA                              LOTTE FINANCE VIETNAM     C01537
4     Bà Rịa - Vũng Tàu  35BB86CB                              LOTTE FINANCE VIETNAM     C01537
...                 ...       ...                                                ...        ...
1270        Hồ Chí Minh  35BB8603                  East West Industries Vietnam LLC.     C01857
1271        Hồ Chí Minh  35BB844B                                   HEINEKEN Vietnam     C01471
1272        Hồ Chí Minh  35BB8451                            Tập Đoàn Karofi Holding     C01756
1273             Hà Nội  35BB8451                            Tập Đoàn Karofi Holding     C01756
1274        Hồ Chí Minh  35BB8632   Công Ty Cổ Phần Xây Dựng Và Kết Cấu Thép Đại Tín     C00809

[1275 rows x 4 columns]

df_jobs drop "company_title" column
Done

                   City    job_id company_id
0                Hà Nội  35BB86D8     C01389
1     Bà Rịa - Vũng Tàu  35BB86C8     C01537
2           Hồ Chí Minh  35BB86C7     C01537
3               Long An  35BB86CA     C01537
4     Bà Rịa - Vũng Tàu  35BB86CB     C01537
...                 ...       ...        ...
1270        Hồ Chí Minh  35BB8603     C01857
1271        Hồ Chí Minh  35BB844B     C01471
1272        Hồ Chí Minh  35BB8451     C01756
1273             Hà Nội  35BB8451     C01756
1274        Hồ Chí Minh  35BB8632     C00809

[1275 rows x 3 columns]

Save df_jobs to "location_job.csv"

Find unknown cities
{'Cao Bằng'}

Save unknown_cities to "city_country.csv"

Merge with df_companies_sv
Done

<class 'pandas.core.frame.DataFrame'>
Int64Index: 1134 entries, 0 to 1133
Data columns (total 21 columns):
 #   Column               Non-Null Count  Dtype 
---  ------               --------------  ----- 
 0   job_title            1134 non-null   object
 1   job_id               1134 non-null   object
 2   job_url              1134 non-null   object
 3   company_title        1134 non-null   object
 4   company_url          1134 non-null   object
 5   company_video_url    1134 non-null   object
 6   salary               1134 non-null   object
 7   location             1134 non-null   object
 8   outstanding_welfare  1134 non-null   object
 9   announcement_date    1134 non-null   object
 10  nganh_nghe           1134 non-null   object
 11  hinh_thuc            1134 non-null   object
 12  kinh_nghiem          1134 non-null   object
 13  cap_bac              1134 non-null   object
 14  expiration_date      1134 non-null   object
 15  detailed_welfare     1134 non-null   object
 16  job_description      1134 non-null   object
 17  job_requirements     1134 non-null   object
 18  other_info           1134 non-null   object
 19  job_tags             1134 non-null   object
 20  company_id           1134 non-null   object
dtypes: object(21)
memory usage: 194.9+ KB

Drop "location", "company_title", "company_url" and "company_video_url" columns
Done

<class 'pandas.core.frame.DataFrame'>
Int64Index: 1134 entries, 0 to 1133
Data columns (total 17 columns):
 #   Column               Non-Null Count  Dtype 
---  ------               --------------  ----- 
 0   job_title            1134 non-null   object
 1   job_id               1134 non-null   object
 2   job_url              1134 non-null   object
 3   salary               1134 non-null   object
 4   outstanding_welfare  1134 non-null   object
 5   announcement_date    1134 non-null   object
 6   nganh_nghe           1134 non-null   object
 7   hinh_thuc            1134 non-null   object
 8   kinh_nghiem          1134 non-null   object
 9   cap_bac              1134 non-null   object
 10  expiration_date      1134 non-null   object
 11  detailed_welfare     1134 non-null   object
 12  job_description      1134 non-null   object
 13  job_requirements     1134 non-null   object
 14  other_info           1134 non-null   object
 15  job_tags             1134 non-null   object
 16  company_id           1134 non-null   object
dtypes: object(17)
memory usage: 159.5+ KB

1.3) Processing "outstanding_welfare" column

outstanding_welfare in raw data:
  'Chế độ thưởng'
  'Phụ cấp'
  'Công tác phí'
  'Du lịch nước ngoài'
  'Xe đưa đón'
  'Laptop'
  'Đào tạo'
  'Chăm sóc sức khỏe'
  'Tăng lương'
  'Chế độ bảo hiểm'
  'Nghỉ phép năm'
  'Đồng phục'
  'Unknown'
  'Du Lịch'

Repair wrong text
Done

outstanding_welfare in raw data:
  'Chế độ thưởng'
  'Phụ cấp'
  'Công tác phí'
  'Du lịch nước ngoài'
  'Xe đưa đón'
  'Laptop'
  'Đào tạo'
  'Chăm sóc sức khỏe'
  'Tăng lương'
  'Chế độ bảo hiểm'
  'Nghỉ phép năm'
  'Đồng phục'
  'Unknown'
  'Du Lịch'

Processing "outstanding_welfare" column
Done

Explode df_outstanding_welfare dataset
Done

        job_id outstanding_welfare
0     35BB86D8     Chế độ bảo hiểm
0     35BB86D8             Du Lịch
0     35BB86D8       Chế độ thưởng
1     35BB86C8     Chế độ bảo hiểm
1     35BB86C8             Du Lịch
...        ...                 ...
1132  35BB8451             Du Lịch
1132  35BB8451             Phụ cấp
1133  35BB8632     Chế độ bảo hiểm
1133  35BB8632             Du Lịch
1133  35BB8632           Đồng phục

[3325 rows x 2 columns]

Save df_outstanding_welfare to "outstanding_welfare_job.csv"

Drop "outstanding_welfare" column
Done

<class 'pandas.core.frame.DataFrame'>
Int64Index: 1134 entries, 0 to 1133
Data columns (total 16 columns):
 #   Column             Non-Null Count  Dtype 
---  ------             --------------  ----- 
 0   job_title          1134 non-null   object
 1   job_id             1134 non-null   object
 2   job_url            1134 non-null   object
 3   salary             1134 non-null   object
 4   announcement_date  1134 non-null   object
 5   nganh_nghe         1134 non-null   object
 6   hinh_thuc          1134 non-null   object
 7   kinh_nghiem        1134 non-null   object
 8   cap_bac            1134 non-null   object
 9   expiration_date    1134 non-null   object
 10  detailed_welfare   1134 non-null   object
 11  job_description    1134 non-null   object
 12  job_requirements   1134 non-null   object
 13  other_info         1134 non-null   object
 14  job_tags           1134 non-null   object
 15  company_id         1134 non-null   object
dtypes: object(16)
memory usage: 150.6+ KB

1.4) Processing "detailed_welfare" column

detailed_welfare in raw data:
  'Chế độ thưởng'
  'Phụ cấp'
  'Công tác phí'
  'Du lịch nước ngoài'
  'Xe đưa đón'
  'CLB thể thao'
  'Phụ cấp thâm niên'
  'Laptop'
  'Đào tạo'
  'Chăm sóc sức khỏe'
  'Tăng lương'
  'Chế độ bảo hiểm'
  'Nghỉ phép năm'
  'Đồng phục'
  'Unknown'
  'Du Lịch'

Processing "detailed_welfare" column
Done

Explode df_detailed_welfare dataset
Done

        job_id   detailed_welfare
0     35BB86D8    Chế độ bảo hiểm
0     35BB86D8            Du Lịch
0     35BB86D8      Chế độ thưởng
0     35BB86D8  Chăm sóc sức khỏe
0     35BB86D8            Đào tạo
...        ...                ...
1133  35BB8632  Chăm sóc sức khỏe
1133  35BB8632            Đào tạo
1133  35BB8632         Tăng lương
1133  35BB8632       Công tác phí
1133  35BB8632      Nghỉ phép năm

[8981 rows x 2 columns]

Save df_detailed_welfare to "detailed_welfare_job.csv"

Drop "detailed_welfare" column
Done

<class 'pandas.core.frame.DataFrame'>
Int64Index: 1134 entries, 0 to 1133
Data columns (total 15 columns):
 #   Column             Non-Null Count  Dtype 
---  ------             --------------  ----- 
 0   job_title          1134 non-null   object
 1   job_id             1134 non-null   object
 2   job_url            1134 non-null   object
 3   salary             1134 non-null   object
 4   announcement_date  1134 non-null   object
 5   nganh_nghe         1134 non-null   object
 6   hinh_thuc          1134 non-null   object
 7   kinh_nghiem        1134 non-null   object
 8   cap_bac            1134 non-null   object
 9   expiration_date    1134 non-null   object
 10  job_description    1134 non-null   object
 11  job_requirements   1134 non-null   object
 12  other_info         1134 non-null   object
 13  job_tags           1134 non-null   object
 14  company_id         1134 non-null   object
dtypes: object(15)
memory usage: 141.8+ KB

1.5) Processing "nganh_nghe" column

nganh_nghe in raw data:
  'Quản lý điều hành'
  'CNTT - Phần mềm'
  'Dệt may / Da giày / Thời trang'
  'Điện / Điện tử / Điện lạnh'
  'Bất động sản'
  'Kiến trúc'
  'Du lịch'
  'Lao động phổ thông'
  'Nông nghiệp'
  'Tiếp thị / Marketing'
  'Mỹ thuật / Nghệ thuật / Thiết kế'
  'Hàng không'
  'Bán hàng / Kinh doanh'
  'Dịch vụ khách hàng'
  'Quản lý chất lượng (QA/QC)'
  'Dược phẩm'
  'Giáo dục / Đào tạo'
  'Dầu khí'
  'Xây dựng'
  'Tư vấn'
  'Tổ chức sự kiện'
  'Bảo trì / Sửa chữa'
  'Ngành khác'
  'Chứng khoán'
  'Nhân sự'
  'Đồ gỗ'
  'In ấn / Xuất bản'
  'Unknown'
  'Thực phẩm & Đồ uống'
  'Sản xuất / Vận hành sản xuất'
  'Bảo hiểm'
  'Tài chính / Đầu tư'
  'Y tế / Chăm sóc sức khỏe'
  'Xuất nhập khẩu'
  'Hành chính / Thư ký'
  'Bưu chính viễn thông'
  'Công nghệ sinh học'
  'An Ninh / Bảo Vệ'
  'Trắc địa / Địa Chất'
  'Biên phiên dịch'
  'Hàng gia dụng / Chăm sóc cá nhân'
  'Thống kê'
  'Tiếp thị trực tuyến'
  'Cơ khí / Ô tô / Tự động hóa'
  'Thủy sản / Hải sản'
  'Ngân hàng'
  'Luật / Pháp lý'
  'Vận chuyển / Giao nhận /  Kho vận'
  'Hóa học'
  'CNTT - Phần cứng / Mạng'
  'An toàn lao động'
  'Thư viện'
  'Thủy lợi'
  'Quảng cáo / Đối ngoại / Truyền Thông'
  'Mới tốt nghiệp / Thực tập'
  'Bán lẻ / Bán sỉ'
  'Truyền hình / Báo chí / Biên tập'
  'Môi trường'
  'Thu mua / Vật tư'
  'Nội ngoại thất'
  'Công nghệ thực phẩm / Dinh dưỡng'
  'Nhà hàng / Khách sạn'
  'Giải trí'
  'Kế toán / Kiểm toán'
  'Chăn nuôi / Thú y'

Processing "nganh_nghe" column
Done

Explode df_nganh_nghe dataset
Done

        job_id                        nganh_nghe
0     35BB86D8  Mỹ thuật / Nghệ thuật / Thiết kế
0     35BB86D8                         Kiến trúc
0     35BB86D8                          Xây dựng
1     35BB86C8             Bán hàng / Kinh doanh
1     35BB86C8                Dịch vụ khách hàng
...        ...                               ...
1132  35BB8451                   Bán lẻ / Bán sỉ
1132  35BB8451             Bán hàng / Kinh doanh
1133  35BB8632               Hành chính / Thư ký
1133  35BB8632                           Nhân sự
1133  35BB8632                          Xây dựng

[2723 rows x 2 columns]

Save df_nganh_nghe to "nganh_nghe_job.csv"

Drop "nganh_nghe" column
Done

<class 'pandas.core.frame.DataFrame'>
Int64Index: 1134 entries, 0 to 1133
Data columns (total 14 columns):
 #   Column             Non-Null Count  Dtype 
---  ------             --------------  ----- 
 0   job_title          1134 non-null   object
 1   job_id             1134 non-null   object
 2   job_url            1134 non-null   object
 3   salary             1134 non-null   object
 4   announcement_date  1134 non-null   object
 5   hinh_thuc          1134 non-null   object
 6   kinh_nghiem        1134 non-null   object
 7   cap_bac            1134 non-null   object
 8   expiration_date    1134 non-null   object
 9   job_description    1134 non-null   object
 10  job_requirements   1134 non-null   object
 11  other_info         1134 non-null   object
 12  job_tags           1134 non-null   object
 13  company_id         1134 non-null   object
dtypes: object(14)
memory usage: 132.9+ KB

1.6) Processing "job_tags" column

Processing "job_tags" column
Done

Explode df_job_tags dataset
Done

        job_id                               job_tags
0     35BB86D8                    Kiểm tra chất lượng
0     35BB86D8                          QA/QC Manager
0     35BB86D8                         QA/QC Director
0     35BB86D8                     Trưởng phòng QA/QC
0     35BB86D8                         Giám đốc QA/QC
...        ...                                    ...
1133  35BB8632                      Trợ lý hành chính
1133  35BB8632           Nhân viên hành chánh nhân sự
1133  35BB8632                    Recruitment Officer
1133  35BB8632                        Quản lý nhân sự
1133  35BB8632  Nhân viên hành chính nhân sự tổng hợp

[5087 rows x 2 columns]

Save df_job_tags to "job_tags_job.csv"

Drop "job_tags" column
Done

<class 'pandas.core.frame.DataFrame'>
Int64Index: 1134 entries, 0 to 1133
Data columns (total 13 columns):
 #   Column             Non-Null Count  Dtype 
---  ------             --------------  ----- 
 0   job_title          1134 non-null   object
 1   job_id             1134 non-null   object
 2   job_url            1134 non-null   object
 3   salary             1134 non-null   object
 4   announcement_date  1134 non-null   object
 5   hinh_thuc          1134 non-null   object
 6   kinh_nghiem        1134 non-null   object
 7   cap_bac            1134 non-null   object
 8   expiration_date    1134 non-null   object
 9   job_description    1134 non-null   object
 10  job_requirements   1134 non-null   object
 11  other_info         1134 non-null   object
 12  company_id         1134 non-null   object
dtypes: object(13)
memory usage: 124.0+ KB

1.7) Processing "salary" column

Test if all values in "saraly" column start with 'Lương: '
Empty DataFrame
Columns: [job_title, job_id, job_url, salary, announcement_date, hinh_thuc, kinh_nghiem, cap_bac, expiration_date, job_description, job_requirements, other_info, company_id]
Index: []

Test if remove 7 characters at beginning (x[7:]), and get unique values
10 Tr - 11 Tr VND
10 Tr - 12 Tr VND
10 Tr - 13 Tr VND
10 Tr - 14 Tr VND
10 Tr - 15 Tr VND
10 Tr - 16 Tr VND
10 Tr - 17 Tr VND
10 Tr - 18 Tr VND
10 Tr - 20 Tr VND
10 Tr - 22 Tr VND
10 Tr - 25 Tr VND
10 Tr - 30 Tr VND
10 Tr - 35 Tr VND
10 Tr - 40 Tr VND
10 Tr - 50 Tr VND
11 Tr - 11 Tr VND
11 Tr - 12 Tr VND
11 Tr - 13 Tr VND
11 Tr - 14 Tr VND
11 Tr - 15 Tr VND
11 Tr - 22 Tr VND
12 Tr - 12 Tr VND
12 Tr - 13 Tr VND
12 Tr - 15 Tr VND
12 Tr - 16 Tr VND
12 Tr - 17 Tr VND
12 Tr - 18 Tr VND
12 Tr - 20 Tr VND
12 Tr - 22 Tr VND
12 Tr - 25 Tr VND
12 Tr - 30 Tr VND
12 Tr - 50 Tr VND
13 Tr - 15 Tr VND
13 Tr - 15,5 Tr VND
13 Tr - 16 Tr VND
13 Tr - 18 Tr VND
13 Tr - 20 Tr VND
13 Tr - 22 Tr VND
13 Tr - 25 Tr VND
13,2 Tr - 22 Tr VND
14 Tr - 15 Tr VND
14 Tr - 16 Tr VND
14 Tr - 17 Tr VND
14 Tr - 18 Tr VND
14 Tr - 19 Tr VND
14 Tr - 20 Tr VND
14 Tr - 21 Tr VND
14 Tr - 25 Tr VND
15 Tr - 17 Tr VND
15 Tr - 18 Tr VND
15 Tr - 20 Tr VND
15 Tr - 22 Tr VND
15 Tr - 25 Tr VND
15 Tr - 30 Tr VND
15 Tr - 35 Tr VND
15 Tr - 45 Tr VND
15,4 Tr - 33 Tr VND
150 Tr - 200 Tr VND
16 Tr - 18 Tr VND
16 Tr - 20 Tr VND
16 Tr - 23 Tr VND
16 Tr - 25 Tr VND
16 Tr - 27 Tr VND
17 Tr - 20 Tr VND
17 Tr - 22 Tr VND
17 Tr - 30 Tr VND
18 Tr - 20 Tr VND
18 Tr - 22 Tr VND
18 Tr - 25 Tr VND
18 Tr - 37 Tr VND
19 Tr - 24 Tr VND
19,8 Tr - 26,4 Tr VND
19,8 Tr - 33 Tr VND
2 Tr - 4 Tr VND
20 Tr - 24 Tr VND
20 Tr - 25 Tr VND
20 Tr - 26 Tr VND
20 Tr - 30 Tr VND
20 Tr - 35 Tr VND
20 Tr - 40 Tr VND
20 Tr - 50 Tr VND
20 Tr - 70 Tr VND
20,0 Tr - 30,0 Tr VND
22 Tr - 30,8 Tr VND
22 Tr - 33 Tr VND
22 Tr - 35 Tr VND
22 Tr - 38 Tr VND
22 Tr - 44 Tr VND
22 Tr - 48,4 Tr VND
23 Tr - 35 Tr VND
24 Tr - 28 Tr VND
25 Tr - 27 Tr VND
25 Tr - 28 Tr VND
25 Tr - 30 Tr VND
25 Tr - 35 Tr VND
25 Tr - 40 Tr VND
25 Tr - 50 Tr VND
25 Tr - 60 Tr VND
3 Tr - 5 Tr VND
30 Tr - 35 Tr VND
30 Tr - 40 Tr VND
30 Tr - 45 Tr VND
30 Tr - 50 Tr VND
30 Tr - 55 Tr VND
30 Tr - 60 Tr VND
31,8 Tr - 31,8 Tr VND
33 Tr - 55 Tr VND
35 Tr - 40 Tr VND
35 Tr - 50 Tr VND
35,2 Tr - 55 Tr VND
37 Tr - 45 Tr VND
40 Tr - 60 Tr VND
44 Tr - 66 Tr VND
44 Tr - 88 Tr VND
45 Tr - 50 Tr VND
5 Tr - 12 Tr VND
5 Tr - 5 Tr VND
5 Tr - 6 Tr VND
5,5 Tr - 30 Tr VND
5,5 Tr - 6,5 Tr VND
50 Tr - 100 Tr VND
6 Tr - 10 Tr VND
6 Tr - 7 Tr VND
6 Tr - 8 Tr VND
6 Tr - 9 Tr VND
6,5 Tr - 10 Tr VND
6,5 Tr - 11,1 Tr VND
6,5 Tr - 14 Tr VND
6,5 Tr - 9 Tr VND
66 Tr - 110 Tr VND
66 Tr - 88 Tr VND
7 Tr - 10 Tr VND
7 Tr - 11 Tr VND
7 Tr - 12 Tr VND
7 Tr - 13 Tr VND
7 Tr - 15 Tr VND
7 Tr - 18 Tr VND
7 Tr - 20 Tr VND
7 Tr - 24 Tr VND
7 Tr - 7,8 Tr VND
7 Tr - 8 Tr VND
7 Tr - 9 Tr VND
7,5 Tr - 12 Tr VND
7,5 Tr - 13 Tr VND
7,5 Tr - 15 Tr VND
7,5 Tr - 9 Tr VND
7,7 Tr - 19,8 Tr VND
7,7 Tr - 9,9 Tr VND
77 Tr - 88 Tr VND
8 Tr - 10 Tr VND
8 Tr - 11 Tr VND
8 Tr - 12 Tr VND
8 Tr - 13 Tr VND
8 Tr - 15 Tr VND
8 Tr - 17 Tr VND
8 Tr - 20 Tr VND
8 Tr - 25 Tr VND
8 Tr - 30 Tr VND
8 Tr - 8 Tr VND
8 Tr - 8,5 Tr VND
8 Tr - 9 Tr VND
8,3 Tr - 12 Tr VND
8,4 Tr - 17 Tr VND
8,5 Tr - 10 Tr VND
8,5 Tr - 14 Tr VND
8,5 Tr - 20 Tr VND
8,5 Tr - 9,5 Tr VND
8,8 Tr - 15,4 Tr VND
88 Tr - 132 Tr VND
9 Tr - 10 Tr VND
9 Tr - 11 Tr VND
9 Tr - 12 Tr VND
9 Tr - 13 Tr VND
9 Tr - 14 Tr VND
9 Tr - 15 Tr VND
9 Tr - 20 Tr VND
9 Tr - 25 Tr VND
9,3 Tr - 12,3 Tr VND
Cạnh tranh
Dưới1 Tr VND
Dưới15 Tr VND
Dưới18 Tr VND
Dưới22 Tr VND
Dưới50 Tr VND
Trên 10 Tr VND
Trên 13 Tr VND
Trên 14 Tr VND
Trên 15 Tr VND
Trên 18 Tr VND
Trên 20 Tr VND
Trên 25 Tr VND
Trên 45 Tr VND
Trên 6 Tr VND
Trên 7,5 Tr VND
Trên 8 Tr VND
Trên 9,1 Tr VND

Processing "salary" column: remove 7 characters at beginning (x[7:])
Done

0                Cạnh tranh
1                Cạnh tranh
2                Cạnh tranh
3                Cạnh tranh
4                Cạnh tranh
               ...         
1129             Cạnh tranh
1130             Cạnh tranh
1131             Cạnh tranh
1132       8 Tr - 15 Tr VND
1133    8,5 Tr - 9,5 Tr VND
Name: salary, Length: 1134, dtype: object

Check after removing all known patterns
 'Cạnh tranh'
Processing "salary" column: processing with processing_salary function
Done

Split "salary" column into two columns: "lb_salary" column and "ub_salary" columns
Drop "salary" column
Done

<class 'pandas.core.frame.DataFrame'>
Int64Index: 1134 entries, 0 to 1133
Data columns (total 14 columns):
 #   Column             Non-Null Count  Dtype 
---  ------             --------------  ----- 
 0   job_title          1134 non-null   object
 1   job_id             1134 non-null   object
 2   job_url            1134 non-null   object
 3   announcement_date  1134 non-null   object
 4   hinh_thuc          1134 non-null   object
 5   kinh_nghiem        1134 non-null   object
 6   cap_bac            1134 non-null   object
 7   expiration_date    1134 non-null   object
 8   job_description    1134 non-null   object
 9   job_requirements   1134 non-null   object
 10  other_info         1134 non-null   object
 11  company_id         1134 non-null   object
 12  lb_salary          1134 non-null   object
 13  ub_salary          1134 non-null   object
dtypes: object(14)
memory usage: 132.9+ KB

1.8) Processing "announcement_date" column

Check min and max of "announcement_date" column
Min: 10
Max: 10
Processing "announcement_date" column: rearrange date format YYYY-MM-DD
Done

0       2023-03-01
1       2023-03-01
2       2023-03-01
3       2023-03-01
4       2023-03-01
           ...    
1129    2023-02-25
1130    2023-03-01
1131    2023-02-28
1132    2023-02-28
1133    2023-03-01
Name: announcement_date, Length: 1134, dtype: object

1.9) Processing "hinh_thuc" column

Check unique values in "hinh_thuc" column
['Nhân viên chính thức' 'Unknown' 'Thực tập'
 'Nhân viên chính thức, Bán thời gian, Thời vụ/ Nghề tự do, Thực tập'
 'Nhân viên chính thức, Bán thời gian'
 'Nhân viên chính thức, Thời vụ/ Nghề tự do'
 'Nhân viên chính thức, Bán thời gian, Thời vụ/ Nghề tự do'
 'Thời vụ/ Nghề tự do' 'Bán thời gian' 'Nhân viên chính thức, Thực tập'
 'Thời vụ/ Nghề tự do, Thực tập']

hinh_thuc in raw data:
  'Bán thời gian'
  'Nhân viên chính thức'
  'Thời vụ/ Nghề tự do'
  'Unknown'
  'Thực tập'

Processing "hinh_thuc" column
Done

Explode df_hinh_thuc dataset
Done

        job_id             hinh_thuc
0     35BB86D8  Nhân viên chính thức
1     35BB86C8  Nhân viên chính thức
2     35BB86C7  Nhân viên chính thức
3     35BB86CA  Nhân viên chính thức
4     35BB86CB  Nhân viên chính thức
...        ...                   ...
1129  35BB7E90  Nhân viên chính thức
1130  35BB8603  Nhân viên chính thức
1131  35BB844B  Nhân viên chính thức
1132  35BB8451  Nhân viên chính thức
1133  35BB8632  Nhân viên chính thức

[1173 rows x 2 columns]

Save df_hinh_thuc to "hinh_thuc_job.csv"

Drop "hinh_thuc" column
Done

<class 'pandas.core.frame.DataFrame'>
Int64Index: 1134 entries, 0 to 1133
Data columns (total 13 columns):
 #   Column             Non-Null Count  Dtype 
---  ------             --------------  ----- 
 0   job_title          1134 non-null   object
 1   job_id             1134 non-null   object
 2   job_url            1134 non-null   object
 3   announcement_date  1134 non-null   object
 4   kinh_nghiem        1134 non-null   object
 5   cap_bac            1134 non-null   object
 6   expiration_date    1134 non-null   object
 7   job_description    1134 non-null   object
 8   job_requirements   1134 non-null   object
 9   other_info         1134 non-null   object
 10  company_id         1134 non-null   object
 11  lb_salary          1134 non-null   object
 12  ub_salary          1134 non-null   object
dtypes: object(13)
memory usage: 124.0+ KB

1.10) Processing "expiration_date" column

Copying "expiration_date" column
Done

Check "expiration_date" that does not have format DD/MM/YYYY
Number of error rows: 207

Mode repairing "expiration_date"
Unique error values:
['Unknown']

Try to repair from "kinh_nghiem"

     kinh_nghiem
6      Nhân viên
7        Unknown
8        Unknown
29       Unknown
30     Nhân viên
...          ...
1122     Unknown
1123     Unknown
1126     Unknown
1130   Nhân viên
1132   Nhân viên

[207 rows x 1 columns]

Check if any "kinh_nghiem" have format of DD/MM/YYYY

Number of satisfied kinh_nghiem rows: 0

No satisfied kinh_nghiem row to repair
Try to repair from "cap_bac"

         cap_bac
6     01/04/2023
7        Unknown
8        Unknown
29       Unknown
30    30/04/2023
...          ...
1122     Unknown
1123     Unknown
1126     Unknown
1130  31/03/2023
1132  29/03/2023

[207 rows x 1 columns]

Check if any "cap_bac" have format of DD/MM/YYYY

Number of satisfied cap_bac rows: 142

Unique values of "cap_bac" to repair
['01/04/2023' '30/04/2023' '31/03/2023' '24/03/2023' '15/03/2023'
 '13/03/2023' '26/02/2023' '09/04/2023' '11/04/2023' '10/04/2023'
 '27/03/2023' '29/03/2023' '21/03/2023' '30/03/2023' '22/03/2023'
 '28/02/2023' '15/01/2023' '31/01/2023' '11/03/2023' '08/03/2023'
 '28/03/2023' '12/03/2023' '30/06/2023' '15/04/2023' '27/02/2023'
 '25/03/2023' '07/02/2023' '07/04/2023' '29/01/2023' '05/11/2022'
 '10/12/2022' '20/03/2023' '26/03/2023' '01/03/2023' '18/03/2023'
 '10/03/2023' '31/05/2023' '06/03/2023' '23/02/2023' '23/03/2023'
 '14/03/2023']

Unique values of "expiration_date" to be repaired
['Unknown']

Repairing

Done

Unique values of "cap_bac" to repair
['Unknown']

Unique values of "expiration_date" to be repaired
['01/04/2023' '30/04/2023' '31/03/2023' '24/03/2023' '15/03/2023'
 '13/03/2023' '26/02/2023' '09/04/2023' '11/04/2023' '10/04/2023'
 '27/03/2023' '29/03/2023' '21/03/2023' '30/03/2023' '22/03/2023'
 '28/02/2023' '15/01/2023' '31/01/2023' '11/03/2023' '08/03/2023'
 '28/03/2023' '12/03/2023' '30/06/2023' '15/04/2023' '27/02/2023'
 '25/03/2023' '07/02/2023' '07/04/2023' '29/01/2023' '05/11/2022'
 '10/12/2022' '20/03/2023' '26/03/2023' '01/03/2023' '18/03/2023'
 '10/03/2023' '31/05/2023' '06/03/2023' '23/02/2023' '23/03/2023'
 '14/03/2023']

Reduce idx_repaired
Done
Number of remaining error rows: 65

Check min max of "expiration_date" column
Min: 7
Max: 10

Check len not 10 in "expiration_date" column
['Unknown']

Check len 10 in "expiration_date" column
['31/03/2023' '01/04/2023' '30/03/2023' '15/03/2023' '10/03/2023'
 '04/01/2023' '30/04/2023' '02/04/2023' '28/03/2023' '20/04/2023'
 '24/03/2023' '01/03/2023' '04/04/2023' '13/03/2023' '11/04/2023'
 '11/05/2023' '23/04/2023' '26/02/2023' '09/04/2023' '05/04/2023'
 '17/03/2023' '18/03/2023' '10/04/2023' '28/04/2023' '15/04/2023'
 '06/05/2023' '20/11/2022' '28/02/2023' '20/03/2023' '29/03/2023'
 '27/03/2023' '31/05/2023' '31/08/2016' '10/02/2023' '21/03/2023'
 '05/03/2023' '25/03/2023' '22/03/2023' '26/03/2023' '23/03/2023'
 '17/12/2022' '15/01/2023' '31/05/2019' '31/01/2023' '07/04/2023'
 '02/03/2023' '24/04/2023' '22/04/2023' '11/03/2023' '08/04/2023'
 '02/01/2023' '08/03/2023' '12/03/2023' '03/03/2023' '19/03/2023'
 '14/11/2021' '22/02/2023' '19/02/2023' '01/01/2023' '30/06/2023'
 '27/04/2023' '12/04/2023' '15/02/2023' '27/02/2023' '16/03/2023'
 '23/02/2023' '16/12/2022' '28/01/2023' '07/02/2023' '29/01/2023'
 '06/02/2023' '10/12/2021' '05/11/2022' '05/05/2022' '31/12/2022'
 '20/01/2023' '23/09/2022' '10/12/2022' '02/02/2023' '18/10/2022'
 '31/07/2022' '04/02/2023' '11/01/2023' '31/12/2023' '24/02/2023'
 '30/01/2023' '26/10/2022' '06/04/2023' '06/03/2023' '09/03/2023'
 '07/10/2022' '17/05/2023' '04/03/2023' '16/10/2022' '21/11/2022'
 '14/04/2023' '14/03/2023' '18/02/2023' '03/04/2023' '24/02/2022'
 '02/10/2022' '12/11/2022']

Processing "expiration_date" column:
Done

['2023-03-31' '2023-04-01' '2023-03-30' 'Unknown' '2023-03-15'
 '2023-03-10' '2023-01-04' '2023-04-30' '2023-04-02' '2023-03-28'
 '2023-04-20' '2023-03-24' '2023-03-01' '2023-04-04' '2023-03-13'
 '2023-04-11' '2023-05-11' '2023-04-23' '2023-02-26' '2023-04-09'
 '2023-04-05' '2023-03-17' '2023-03-18' '2023-04-10' '2023-04-28'
 '2023-04-15' '2023-05-06' '2022-11-20' '2023-02-28' '2023-03-20'
 '2023-03-29' '2023-03-27' '2023-05-31' '2016-08-31' '2023-02-10'
 '2023-03-21' '2023-03-05' '2023-03-25' '2023-03-22' '2023-03-26'
 '2023-03-23' '2022-12-17' '2023-01-15' '2019-05-31' '2023-01-31'
 '2023-04-07' '2023-03-02' '2023-04-24' '2023-04-22' '2023-03-11'
 '2023-04-08' '2023-01-02' '2023-03-08' '2023-03-12' '2023-03-03'
 '2023-03-19' '2021-11-14' '2023-02-22' '2023-02-19' '2023-01-01'
 '2023-06-30' '2023-04-27' '2023-04-12' '2023-02-15' '2023-02-27'
 '2023-03-16' '2023-02-23' '2022-12-16' '2023-01-28' '2023-02-07'
 '2023-01-29' '2023-02-06' '2021-12-10' '2022-11-05' '2022-05-05'
 '2022-12-31' '2023-01-20' '2022-09-23' '2022-12-10' '2023-02-02'
 '2022-10-18' '2022-07-31' '2023-02-04' '2023-01-11' '2023-12-31'
 '2023-02-24' '2023-01-30' '2022-10-26' '2023-04-06' '2023-03-06'
 '2023-03-09' '2022-10-07' '2023-05-17' '2023-03-04' '2022-10-16'
 '2022-11-21' '2023-04-14' '2023-03-14' '2023-02-18' '2023-04-03'
 '2022-02-24' '2022-10-02' '2022-11-12']

1.11) Processing "cap_bac" column

Existing cap_bac in server
 'Tổng giám đốc'
 'Giám đốc'
 'Phó Giám đốc'
 'Quản lý'
 'Trưởng nhóm / Giám sát'
 'Nhân viên'
 'Mới tốt nghiệp'
 'Sinh viên/ Thực tập sinh'

Raw cap_bac in raw data
 'Trưởng nhóm / Giám sát'
 'Quản lý'
 'Nhân viên'
 'Mới tốt nghiệp'
 'Sinh viên/ Thực tập sinh'
 'Giám đốc'
 'Phó Giám đốc'
 'Tổng giám đốc'

Check Unknown "cap_bac"
Number of unknown "cap_bac": 207

Mode repairing "cap_bac"
Try to repair from "kinh_nghiem"

     kinh_nghiem
6      Nhân viên
7        Unknown
8        Unknown
29       Unknown
30     Nhân viên
...          ...
1122     Unknown
1123     Unknown
1126     Unknown
1130   Nhân viên
1132   Nhân viên

[207 rows x 1 columns]

Check if any "kinh_nghiem" in list of raw_cap_bac

Number of satisfied kinh_nghiem rows: 142

Unique values of "kinh_nghiem" to repair
['Nhân viên' 'Mới tốt nghiệp' 'Quản lý' 'Sinh viên/ Thực tập sinh']

Unique values of "cap_bac" to be repaired
['Unknown']

Repairing

Done

Unique values of "kinh_nghiem" to repair
['Unknown']

Unique values of "cap_bac" to be repaired
['Nhân viên' 'Mới tốt nghiệp' 'Quản lý' 'Sinh viên/ Thực tập sinh']

Reduce idx_repaired
Done
Number of remaining error rows: 65

Try to repair from "expiration_date_2"

     expiration_date_2
385            Unknown
259            Unknown
7              Unknown
8              Unknown
649            Unknown
...                ...
625            Unknown
1016           Unknown
762            Unknown
253            Unknown
126            Unknown

[65 rows x 1 columns]

Check if any "expiration_date_2" in list of raw_cap_bac

Number of satisfied expiration_date_2 rows: 0

No satisfied expiration_date_2 row to repair
Check unique values in "cap_bac"
['Trưởng nhóm / Giám sát' 'Quản lý' 'Nhân viên' 'Unknown' 'Mới tốt nghiệp'
 'Sinh viên/ Thực tập sinh' 'Giám đốc' 'Phó Giám đốc' 'Tổng giám đốc']

cap_bac: ['Tổng giám đốc', 'Giám đốc', 'Phó Giám đốc', 'Quản lý', 'Trưởng nhóm / Giám sát', 'Nhân viên', 'Mới tốt nghiệp', 'Sinh viên/ Thực tập sinh']

raw_cap_bac: ['Trưởng nhóm / Giám sát', 'Quản lý', 'Nhân viên', 'Mới tốt nghiệp', 'Sinh viên/ Thực tập sinh', 'Giám đốc', 'Phó Giám đốc', 'Tổng giám đốc']

Check new cap_bac
[]

There is no new_cap_bac
Create empty new ordered_cap_bac
Empty DataFrame
Columns: [cap_bac, STT]
Index: []

Save df_ordered_cap_bac_new to "ordered_cap_bac.csv"

1.12) Processing "kinh_nghiem" column

Unique values in "kinh_nghiem" column
 '0 - 0 Năm'
 '1 - 10 Năm'
 '1 - 2 Năm'
 '1 - 20 Năm'
 '1 - 3 Năm'
 '1 - 4 Năm'
 '1 - 5 Năm'
 '1 - 8 Năm'
 '1 Năm'
 '10 - 15 Năm'
 '15 - 20 Năm'
 '15 - 25 Năm'
 '2 - 10 Năm'
 '2 - 15 Năm'
 '2 - 3 Năm'
 '2 - 4 Năm'
 '2 - 5 Năm'
 '2 - 6 Năm'
 '2 - 7 Năm'
 '2 - 8 Năm'
 '2 Năm'
 '3 - 10 Năm'
 '3 - 15 Năm'
 '3 - 4 Năm'
 '3 - 5 Năm'
 '3 - 6 Năm'
 '3 - 7 Năm'
 '30/04/2023'
 '4 - 10 Năm'
 '4 - 5 Năm'
 '4 - 6 Năm'
 '4 - 7 Năm'
 '5 - 10 Năm'
 '5 - 15 Năm'
 '5 - 6 Năm'
 '5 - 7 Năm'
 '5 - 8 Năm'
 '5 - 9 Năm'
 '6 - 10 Năm'
 '6 - 7 Năm'
 '7 - 10 Năm'
 '8 - 18 Năm'
 '8 - 20 Năm'
 'Chưa có kinh nghiệm'
 'Dưới 1Năm'
 'Dưới 2Năm'
 'Trên 1 Năm'
 'Trên 10 Năm'
 'Trên 12 Năm'
 'Trên 2 Năm'
 'Trên 3 Năm'
 'Trên 4 Năm'
 'Trên 5 Năm'
 'Trên 6 Năm'
 'Trên 7 Năm'
 'Trên 8 Năm'
 'Unknown'
Check after removing all known patterns
 '30/04/2023'
 'Chưa có kinh nghiệm'
 'Unknown'
Processing "kinh_nghiem" column
0           [5, 15]
1            [1, 2]
2            [1, 2]
3            [1, 2]
4            [3, 4]
           ...     
1129        [2, 40]
1130    [Unknown, ]
1131         [1, 2]
1132    [Unknown, ]
1133         [1, 2]
Name: kinh_nghiem, Length: 1134, dtype: object

Split "kinh_nghiem" column into two columns: "lb_kinh_nghiem" column and "ub_kinh_nghiem" column

Drop "kinh_nghiem" column
<class 'pandas.core.frame.DataFrame'>
Int64Index: 1134 entries, 0 to 1133
Data columns (total 15 columns):
 #   Column             Non-Null Count  Dtype 
---  ------             --------------  ----- 
 0   job_title          1134 non-null   object
 1   job_id             1134 non-null   object
 2   job_url            1134 non-null   object
 3   announcement_date  1134 non-null   object
 4   cap_bac            1134 non-null   object
 5   expiration_date    1134 non-null   object
 6   job_description    1134 non-null   object
 7   job_requirements   1134 non-null   object
 8   other_info         1134 non-null   object
 9   company_id         1134 non-null   object
 10  lb_salary          1134 non-null   object
 11  ub_salary          1134 non-null   object
 12  expiration_date_2  1134 non-null   object
 13  lb_kinh_nghiem     1134 non-null   object
 14  ub_kinh_nghiem     1134 non-null   object
dtypes: object(15)
memory usage: 174.0+ KB

Drop "expiration_date_2" column
<class 'pandas.core.frame.DataFrame'>
Int64Index: 1134 entries, 0 to 1133
Data columns (total 14 columns):
 #   Column             Non-Null Count  Dtype 
---  ------             --------------  ----- 
 0   job_title          1134 non-null   object
 1   job_id             1134 non-null   object
 2   job_url            1134 non-null   object
 3   announcement_date  1134 non-null   object
 4   cap_bac            1134 non-null   object
 5   expiration_date    1134 non-null   object
 6   job_description    1134 non-null   object
 7   job_requirements   1134 non-null   object
 8   other_info         1134 non-null   object
 9   company_id         1134 non-null   object
 10  lb_salary          1134 non-null   object
 11  ub_salary          1134 non-null   object
 12  lb_kinh_nghiem     1134 non-null   object
 13  ub_kinh_nghiem     1134 non-null   object
dtypes: object(14)
memory usage: 165.2+ KB

Check fill Unknown for "lb_kinh_nghiem" column and "ub_kinh_nghiem" column
Number of unknown kinh nghiem: 208

Unique unknown values in "lb_kinh_nghiem" column
['Unknown' '30/04/2023']

Unique unknown values in "ub_kinh_nghiem" column
['']

Fill Unknown for "lb_kinh_nghiem" column and "ub_kinh_nghiem" column
Done

Summary warning
Exists 1 new cities: {'Cao Bằng'}
Save df to "jobs.csv"

