Query df_companies_sv from server:
     company_id                                      company_title
0        C00000                   CEI International Investments VN
1        C00002  CÔNG TY CỔ PHẦN GIÁO DỤC VÀ THƯƠNG MẠI RIKI VI...
2        C00003                            CÔNG TY CỔ PHẦN MÙA GẶT
3        C00004           CÔNG TY CỔ PHẦN TM & SX NỘI THẤT THE ONE
4        C00005                      CÔNG TY CỔ PHẦN TẬP ĐOÀN AMDI
...         ...                                                ...
2018     C02023                       CÔNG TY TNHH XIN CHÀO BÁC SĨ
2019     C02024                   CÔNG TY TNHH DIKSHA TECHNOLOGIES
2020     C02025                 Công ty Cổ phần Đầu tư Asia Dragon
2021     C02026                           New Toyo Pulppy Viet Nam
2022     C02027                                            Motives

[2023 rows x 2 columns]

Number of company_id unique: 2023 unique values
Check number of company_id unique:
True

Number of company_title unique: 2023 unique values
Check number of company_title unique:
True

Query df_job_id from server:
        job_id
0     35BB7E70
1     35BB7E5A
2     35BB7E5D
3     35BB7E59
4     35BB7E5F
...        ...
7186  35BB7E90
7187  35BB8603
7188  35BB844B
7189  35BB8451
7190  35BB8632

[7191 rows x 1 columns]

Number of job_id unique: 7191 unique values
Check number of job_id unique:
True

Query df_ordered_cap_bac from server:
                    cap_bac  STT
0             Tổng giám đốc    1
1                  Giám đốc    2
2              Phó Giám đốc    3
3                   Quản lý    4
4    Trưởng nhóm / Giám sát    5
5                 Nhân viên    6
6            Mới tốt nghiệp    7
7  Sinh viên/ Thực tập sinh    8
8                   Unknown    9

Query city from server:
           City
0   Tuyên Quang
1      Tây Ninh
2   Hồ Chí Minh
3        Hà Nội
4    Bình Dương
..          ...
69       Kratie
70    Vientiane
71        Tokyo
72    Phnompenh
73     Cao Bằng

[74 rows x 1 columns]

Number of city unique: 74 unique values
Check number of city unique:
True

1) Processing raw data

List raw data files:
	 all_jobs_cb_202303040948.csv

1.1) Combine raw data

	 all_jobs_cb_202303040948.csv - 292 rows

Total rows: 292

<class 'pandas.core.frame.DataFrame'>
RangeIndex: 292 entries, 0 to 291
Data columns (total 20 columns):
 #   Column               Non-Null Count  Dtype 
---  ------               --------------  ----- 
 0   job_title            292 non-null    object
 1   job_id               292 non-null    object
 2   job_url              292 non-null    object
 3   company_title        292 non-null    object
 4   company_url          292 non-null    object
 5   company_video_url    87 non-null     object
 6   salary               292 non-null    object
 7   location             292 non-null    object
 8   outstanding_welfare  279 non-null    object
 9   announcement_date    292 non-null    object
 10  nganh_nghe           277 non-null    object
 11  hinh_thuc            277 non-null    object
 12  kinh_nghiem          277 non-null    object
 13  cap_bac              277 non-null    object
 14  expiration_date      238 non-null    object
 15  detailed_welfare     266 non-null    object
 16  job_description      292 non-null    object
 17  job_requirements     292 non-null    object
 18  other_info           291 non-null    object
 19  job_tags             219 non-null    object
dtypes: object(20)
memory usage: 45.8+ KB

Drop NaN job_id
Total rows before drop: 292
Done
Total rows before drop: 292

Fill Unknown for all NaN values
Done

<class 'pandas.core.frame.DataFrame'>
Int64Index: 292 entries, 0 to 291
Data columns (total 20 columns):
 #   Column               Non-Null Count  Dtype 
---  ------               --------------  ----- 
 0   job_title            292 non-null    object
 1   job_id               292 non-null    object
 2   job_url              292 non-null    object
 3   company_title        292 non-null    object
 4   company_url          292 non-null    object
 5   company_video_url    292 non-null    object
 6   salary               292 non-null    object
 7   location             292 non-null    object
 8   outstanding_welfare  292 non-null    object
 9   announcement_date    292 non-null    object
 10  nganh_nghe           292 non-null    object
 11  hinh_thuc            292 non-null    object
 12  kinh_nghiem          292 non-null    object
 13  cap_bac              292 non-null    object
 14  expiration_date      292 non-null    object
 15  detailed_welfare     292 non-null    object
 16  job_description      292 non-null    object
 17  job_requirements     292 non-null    object
 18  other_info           292 non-null    object
 19  job_tags             292 non-null    object
dtypes: object(20)
memory usage: 47.9+ KB

Strip all cell values
Done

Check total rows:
True

Filter existence job_id:
Done

<class 'pandas.core.frame.DataFrame'>
Int64Index: 292 entries, 0 to 291
Data columns (total 20 columns):
 #   Column               Non-Null Count  Dtype 
---  ------               --------------  ----- 
 0   job_title            292 non-null    object
 1   job_id               292 non-null    object
 2   job_url              292 non-null    object
 3   company_title        292 non-null    object
 4   company_url          292 non-null    object
 5   company_video_url    292 non-null    object
 6   salary               292 non-null    object
 7   location             292 non-null    object
 8   outstanding_welfare  292 non-null    object
 9   announcement_date    292 non-null    object
 10  nganh_nghe           292 non-null    object
 11  hinh_thuc            292 non-null    object
 12  kinh_nghiem          292 non-null    object
 13  cap_bac              292 non-null    object
 14  expiration_date      292 non-null    object
 15  detailed_welfare     292 non-null    object
 16  job_description      292 non-null    object
 17  job_requirements     292 non-null    object
 18  other_info           292 non-null    object
 19  job_tags             292 non-null    object
dtypes: object(20)
memory usage: 47.9+ KB

Number of job_id unique: 292 unique values
Check number of job_id unique:
True

1.2) Processing "location" column

Cities in raw data:
  'Hà Nam'
  'Quảng Ninh'
  'Bắc Ninh'
  'An Giang'
  'Attapeu'
  'Quảng Nam'
  'Trà Vinh'
  'Nam Định'
  'Hà Tĩnh'
  'Hà Nội'
  'Nghệ An'
  'Khánh Hòa'
  'Thái Bình'
  'Bình Dương'
  'Long An'
  'Ninh Thuận'
  'KV Bắc Trung Bộ'
  'Tiền Giang'
  'Kratie'
  'Đà Nẵng'
  'Cà Mau'
  'Hải Dương'
  'Kiên Giang'
  'Gia Lai'
  'Đồng Nai'
  'Tây Ninh'
  'Hồ Chí Minh'
  'Thái Nguyên'
  'Vĩnh Phúc'
  'Sóc Trăng'
  'Hưng Yên'
  'Hải Phòng'
  'Bình Thuận'
  'Bình Định'
  'Bình Phước'
  'Thừa Thiên- Huế'
  'Lâm Đồng'
  'Bà Rịa - Vũng Tàu'
  'Lạng Sơn'
  'Ninh Bình'
  'Lào Cai'
  'Toàn quốc'

Process "location" column
Done

Explode location_job dataset
Done

            City    job_id                                      company_title
0    Hồ Chí Minh  35BB8C26                Công ty TNHH MTV Nhà Hàng Hoàng Yến
1    Hồ Chí Minh  35BB8C1A                               Blue Sky Corporation
2        Đà Nẵng  35BB8C17                               Công Ty TNHH Rita Võ
3    Hồ Chí Minh  35BB8C1B                               Blue Sky Corporation
4    Hồ Chí Minh  35BB8C21                               Blue Sky Corporation
..           ...       ...                                                ...
288    Quảng Nam  35BB881B                Công Ty Cổ Phần Tập Đoàn Trường Hải
288      Đà Nẵng  35BB881B                Công Ty Cổ Phần Tập Đoàn Trường Hải
289  Hồ Chí Minh  35BB881E                                     ARIZE CO., LTD
290       Hà Nội  35BB880B  Công ty CP Thiết kế Kiến trúc - Nội thất - Xây...
291  Hồ Chí Minh  35BB8820                                   Tập Đoàn Kim Tín

[342 rows x 3 columns]

Total number of cities in raw data: 342 cities
Check total number of cities in raw data:
True

Fill NaN values with "Unknown"

Check drop_duplicates makes difference
True

Check for existence of company_title in raw data (Any new company title?)
            City    job_id                         company_title
1    Hồ Chí Minh  35BB8C1A                  Blue Sky Corporation
3    Hồ Chí Minh  35BB8C1B                  Blue Sky Corporation
4    Hồ Chí Minh  35BB8C21                  Blue Sky Corporation
5    Hồ Chí Minh  35BB8C1D                  Blue Sky Corporation
7    Hồ Chí Minh  35BB8C20             MELODY LOGISTICS CO., LTD
..           ...       ...                                   ...
230       Hà Nội  35BB8917               Công ty CP Du lịch Coxi
259       Hà Nội  35BB889A                           Marcom Mate
266  Hồ Chí Minh  35BB8853  Công ty Cổ phần Giáo dục Quốc tế ICS
284  Hồ Chí Minh  35BB8812                Công ty TNHH TMDV BAMA
289  Hồ Chí Minh  35BB881E                        ARIZE CO., LTD

[75 rows x 3 columns]

There were some companies that their titles do not exists in database (df_companies_sv['company_title']) before

                                         company_title
1                                 Blue Sky Corporation
7                            MELODY LOGISTICS CO., LTD
14                  CTY TNHH MTV TM DV SX CK HÙNG TUẤN
15           Công ty TNHH Cung Ứng Nha Khoa Thành Công
16           Trung Tâm ngoại ngữ Anh ngữ Quốc Tế Queen
28                     Công Ty TNHH Xây Dựng Solutions
30   Công ty TNHH Thương Mại Dịch vụ và Quảng Cáo M...
35                       Công Ty Cổ Phần Vũ Hoàng Minh
40   Công Ty TNHH Trung Tâm Công Nghệ Essilor Việt Nam
44                              Công Ty TNHH Hiệp Long
48                                 CT CP ĐẠI ĐỒNG TIẾN
62                   Công Ty TNHH Hankook Tire Vietnam
65                CÔNG TY TNHH CÔNG NGHIỆP NAM WELDCOM
74                       Công ty TNHH Aventus Việt Nam
83                             Gritti Vietnam Co., Ltd
91   NIRVANA MEMORIAL PARK - CÔNG TY TNHH CÔNG VIÊN...
93                           Học viện Công nghệ BKACAD
94   CÔNG TY TNHH THƯƠNG MẠI TÀI NGUYÊN THIÊN NHIÊN...
104                        Koei Tecmo Software Vietnam
106                                  Công ty TNHH STVS
108  CÔNG TY TNHH THƯƠNG MẠI DỊCH VỤ GOODPRICE VIỆT...
110                               Công ty TNHH inCoach
115                       Công ty Cổ Phần Warning Zone
119                             CONG TY TNHH KD SPORTS
120              Công Ty TNHH Sáng Tạo Vẻ Đẹp Toàn Cầu
125                       PEB Steel Buildings Co., Ltd
129  Công ty TNHH Thương Mại Dịch Vụ Kỹ Thuật Xuất ...
130        CÔNG TY CỔ PHẦN DỊCH VỤ BẢO VỆ THÀNH AN PRO
133              Công ty TNHH Sunjin Vina- CN Hưng Yên
135  Công ty TNHH một thành viên dịch vụ tư vấn doa...
156         CÔNG TY TNHH KIỂM TOÁN VÀ TƯ VẤN THUẾ ATAX
165                      Công ty TNHH Hóa dầu Long Sơn
170                     Công ty TNHH PrideVN Packaging
172                  TCL (Vietnam) Corporation Limited
181                                  TKG Taekwang Vina
188   Công ty Cp đầu tư Xây dựng Hạ tầng và Giao thông
207                       Akati Wood (Vietnam) Co. Ltd
208  CÔNG TY CỔ PHẦN TẬP ĐOÀN XUẤT - NHẬP KHẨU TRÁI...
210                Công Ty TNHH DV Trợ Thính Quang Đức
213                  Công Ty TNHH Grandhome Stone Vina
219                       Công Ty Cổ phần Nhà Hòa Bình
220                       VPĐD Timtex Trading Co.,Ltd,
225  CÔNG TY TNHH THƯƠNG MẠI - DỊCH VỤ - KỸ THUẬT Đ...
230                            Công ty CP Du lịch Coxi
259                                        Marcom Mate
266               Công ty Cổ phần Giáo dục Quốc tế ICS
284                             Công ty TNHH TMDV BAMA
289                                     ARIZE CO., LTD

Number of companies needs to add to database: 48

df_companies_sv
     company_id                                      company_title
0        C00000                   CEI International Investments VN
1        C00002  CÔNG TY CỔ PHẦN GIÁO DỤC VÀ THƯƠNG MẠI RIKI VI...
2        C00003                            CÔNG TY CỔ PHẦN MÙA GẶT
3        C00004           CÔNG TY CỔ PHẦN TM & SX NỘI THẤT THE ONE
4        C00005                      CÔNG TY CỔ PHẦN TẬP ĐOÀN AMDI
...         ...                                                ...
2018     C02023                       CÔNG TY TNHH XIN CHÀO BÁC SĨ
2019     C02024                   CÔNG TY TNHH DIKSHA TECHNOLOGIES
2020     C02025                 Công ty Cổ phần Đầu tư Asia Dragon
2021     C02026                           New Toyo Pulppy Viet Nam
2022     C02027                                            Motives

[2023 rows x 2 columns]

Add company_id for new companies
Done

    company_id                                      company_title
1       C02028                               Blue Sky Corporation
7       C02029                          MELODY LOGISTICS CO., LTD
14      C02030                 CTY TNHH MTV TM DV SX CK HÙNG TUẤN
15      C02031          Công ty TNHH Cung Ứng Nha Khoa Thành Công
16      C02032          Trung Tâm ngoại ngữ Anh ngữ Quốc Tế Queen
28      C02033                    Công Ty TNHH Xây Dựng Solutions
30      C02034  Công ty TNHH Thương Mại Dịch vụ và Quảng Cáo M...
35      C02035                      Công Ty Cổ Phần Vũ Hoàng Minh
40      C02036  Công Ty TNHH Trung Tâm Công Nghệ Essilor Việt Nam
44      C02037                             Công Ty TNHH Hiệp Long
48      C02038                                CT CP ĐẠI ĐỒNG TIẾN
62      C02039                  Công Ty TNHH Hankook Tire Vietnam
65      C02040               CÔNG TY TNHH CÔNG NGHIỆP NAM WELDCOM
74      C02041                      Công ty TNHH Aventus Việt Nam
83      C02042                            Gritti Vietnam Co., Ltd
91      C02043  NIRVANA MEMORIAL PARK - CÔNG TY TNHH CÔNG VIÊN...
93      C02044                          Học viện Công nghệ BKACAD
94      C02045  CÔNG TY TNHH THƯƠNG MẠI TÀI NGUYÊN THIÊN NHIÊN...
104     C02046                        Koei Tecmo Software Vietnam
106     C02047                                  Công ty TNHH STVS
108     C02048  CÔNG TY TNHH THƯƠNG MẠI DỊCH VỤ GOODPRICE VIỆT...
110     C02049                               Công ty TNHH inCoach
115     C02050                       Công ty Cổ Phần Warning Zone
119     C02051                             CONG TY TNHH KD SPORTS
120     C02052              Công Ty TNHH Sáng Tạo Vẻ Đẹp Toàn Cầu
125     C02053                       PEB Steel Buildings Co., Ltd
129     C02054  Công ty TNHH Thương Mại Dịch Vụ Kỹ Thuật Xuất ...
130     C02055        CÔNG TY CỔ PHẦN DỊCH VỤ BẢO VỆ THÀNH AN PRO
133     C02056              Công ty TNHH Sunjin Vina- CN Hưng Yên
135     C02057  Công ty TNHH một thành viên dịch vụ tư vấn doa...
156     C02058         CÔNG TY TNHH KIỂM TOÁN VÀ TƯ VẤN THUẾ ATAX
165     C02059                      Công ty TNHH Hóa dầu Long Sơn
170     C02060                     Công ty TNHH PrideVN Packaging
172     C02061                  TCL (Vietnam) Corporation Limited
181     C02062                                  TKG Taekwang Vina
188     C02063   Công ty Cp đầu tư Xây dựng Hạ tầng và Giao thông
207     C02064                       Akati Wood (Vietnam) Co. Ltd
208     C02065  CÔNG TY CỔ PHẦN TẬP ĐOÀN XUẤT - NHẬP KHẨU TRÁI...
210     C02066                Công Ty TNHH DV Trợ Thính Quang Đức
213     C02067                  Công Ty TNHH Grandhome Stone Vina
219     C02068                       Công Ty Cổ phần Nhà Hòa Bình
220     C02069                       VPĐD Timtex Trading Co.,Ltd,
225     C02070  CÔNG TY TNHH THƯƠNG MẠI - DỊCH VỤ - KỸ THUẬT Đ...
230     C02071                            Công ty CP Du lịch Coxi
259     C02072                                        Marcom Mate
266     C02073               Công ty Cổ phần Giáo dục Quốc tế ICS
284     C02074                             Công ty TNHH TMDV BAMA
289     C02075                                     ARIZE CO., LTD

Concatenate df_jobs_unknown to df_companies_sv
Done

    company_id                                      company_title
0       C00000                   CEI International Investments VN
1       C00002  CÔNG TY CỔ PHẦN GIÁO DỤC VÀ THƯƠNG MẠI RIKI VI...
2       C00003                            CÔNG TY CỔ PHẦN MÙA GẶT
3       C00004           CÔNG TY CỔ PHẦN TM & SX NỘI THẤT THE ONE
4       C00005                      CÔNG TY CỔ PHẦN TẬP ĐOÀN AMDI
..         ...                                                ...
230     C02071                            Công ty CP Du lịch Coxi
259     C02072                                        Marcom Mate
266     C02073               Công ty Cổ phần Giáo dục Quốc tế ICS
284     C02074                             Công ty TNHH TMDV BAMA
289     C02075                                     ARIZE CO., LTD

[2071 rows x 2 columns]

Get additional columns: "company_url" and "company_video_url" columns

   company_id                         company_title                                        company_url company_video_url
0      C02028                  Blue Sky Corporation  https://careerbuilder.vn/vi/nha-tuyen-dung/blu...           Unknown
1      C02028                  Blue Sky Corporation  https://careerbuilder.vn/vi/nha-tuyen-dung/blu...           Unknown
2      C02028                  Blue Sky Corporation  https://careerbuilder.vn/vi/nha-tuyen-dung/blu...           Unknown
3      C02028                  Blue Sky Corporation  https://careerbuilder.vn/vi/nha-tuyen-dung/blu...           Unknown
4      C02028                  Blue Sky Corporation  https://careerbuilder.vn/vi/nha-tuyen-dung/blu...           Unknown
..        ...                                   ...                                                ...               ...
63     C02071               Công ty CP Du lịch Coxi  https://careerbuilder.vn/vi/nha-tuyen-dung/con...           Unknown
64     C02072                           Marcom Mate  https://careerbuilder.vn/vi/nha-tuyen-dung/mar...           Unknown
65     C02073  Công ty Cổ phần Giáo dục Quốc tế ICS  https://careerbuilder.vn/vi/nha-tuyen-dung/con...           Unknown
66     C02074                Công ty TNHH TMDV BAMA  https://careerbuilder.vn/vi/nha-tuyen-dung/con...           Unknown
67     C02075                        ARIZE CO., LTD  https://careerbuilder.vn/vi/nha-tuyen-dung/ari...           Unknown

[68 rows x 4 columns]

Processing "company_url" and "company_video_url" columns to get unique "company_id" and "company_title" columns

   company_id                                      company_title                                        company_url                                  company_video_url
0      C02028                               Blue Sky Corporation  https://careerbuilder.vn/vi/nha-tuyen-dung/blu...                                            Unknown
1      C02029                          MELODY LOGISTICS CO., LTD  https://careerbuilder.vn/vi/nha-tuyen-dung/mel...        https://www.youtube.com/watch?v=tIsYEy2C6U8
2      C02030                 CTY TNHH MTV TM DV SX CK HÙNG TUẤN  https://careerbuilder.vn/vi/nha-tuyen-dung/cty...                                            Unknown
3      C02031          Công ty TNHH Cung Ứng Nha Khoa Thành Công  https://careerbuilder.vn/vi/nha-tuyen-dung/con...                                            Unknown
4      C02032          Trung Tâm ngoại ngữ Anh ngữ Quốc Tế Queen  https://careerbuilder.vn/vi/nha-tuyen-dung/tru...                                            Unknown
5      C02033                    Công Ty TNHH Xây Dựng Solutions  https://careerbuilder.vn/vi/nha-tuyen-dung/con...  https://www.youtube.com/watch?v=t9p4lIcbySM&t=66s
6      C02034  Công ty TNHH Thương Mại Dịch vụ và Quảng Cáo M...  https://careerbuilder.vn/vi/nha-tuyen-dung/con...                                            Unknown
7      C02035                      Công Ty Cổ Phần Vũ Hoàng Minh  https://careerbuilder.vn/vi/nha-tuyen-dung/con...        https://www.youtube.com/watch?v=xoZZHZ6SAPw
8      C02036  Công Ty TNHH Trung Tâm Công Nghệ Essilor Việt Nam  https://careerbuilder.vn/vi/nha-tuyen-dung/con...                                            Unknown
9      C02037                             Công Ty TNHH Hiệp Long  https://careerbuilder.vn/vi/nha-tuyen-dung/con...                                            Unknown
10     C02038                                CT CP ĐẠI ĐỒNG TIẾN  https://careerbuilder.vn/vi/nha-tuyen-dung/ct-...                                            Unknown
11     C02039                  Công Ty TNHH Hankook Tire Vietnam  https://careerbuilder.vn/vi/nha-tuyen-dung/con...                                            Unknown
12     C02040               CÔNG TY TNHH CÔNG NGHIỆP NAM WELDCOM  https://careerbuilder.vn/vi/nha-tuyen-dung/con...   https://www.youtube.com/watch?v=t7b4pY5Z460&t=5s
13     C02041                      Công ty TNHH Aventus Việt Nam  https://careerbuilder.vn/vi/nha-tuyen-dung/con...                                            Unknown
14     C02042                            Gritti Vietnam Co., Ltd  https://careerbuilder.vn/vi/nha-tuyen-dung/gri...                                            Unknown
15     C02043  NIRVANA MEMORIAL PARK - CÔNG TY TNHH CÔNG VIÊN...  https://careerbuilder.vn/vi/nha-tuyen-dung/nir...        https://www.youtube.com/watch?v=WIdQkFkEa2Q
16     C02044                          Học viện Công nghệ BKACAD  https://careerbuilder.vn/vi/nha-tuyen-dung/hoc...                                            Unknown
17     C02045  CÔNG TY TNHH THƯƠNG MẠI TÀI NGUYÊN THIÊN NHIÊN...  https://careerbuilder.vn/vi/nha-tuyen-dung/con...                                            Unknown
18     C02046                        Koei Tecmo Software Vietnam  https://careerbuilder.vn/vi/nha-tuyen-dung/koe...                                            Unknown
19     C02047                                  Công ty TNHH STVS  https://careerbuilder.vn/vi/nha-tuyen-dung/con...                                            Unknown
20     C02048  CÔNG TY TNHH THƯƠNG MẠI DỊCH VỤ GOODPRICE VIỆT...  https://careerbuilder.vn/vi/nha-tuyen-dung/con...                                            Unknown
21     C02049                               Công ty TNHH inCoach  https://careerbuilder.vn/vi/nha-tuyen-dung/con...        https://www.youtube.com/watch?v=CZn4U6Ob0-k
22     C02050                       Công ty Cổ Phần Warning Zone  https://careerbuilder.vn/vi/nha-tuyen-dung/con...                                            Unknown
23     C02051                             CONG TY TNHH KD SPORTS  https://careerbuilder.vn/vi/nha-tuyen-dung/con...                                            Unknown
24     C02052              Công Ty TNHH Sáng Tạo Vẻ Đẹp Toàn Cầu  https://careerbuilder.vn/vi/nha-tuyen-dung/con...                                            Unknown
25     C02053                       PEB Steel Buildings Co., Ltd  https://careerbuilder.vn/vi/nha-tuyen-dung/peb...   https://www.youtube.com/watch?v=j_L-3jkI4CQ&t=1s
26     C02054  Công ty TNHH Thương Mại Dịch Vụ Kỹ Thuật Xuất ...  https://careerbuilder.vn/vi/nha-tuyen-dung/con...        https://www.youtube.com/watch?v=LkgCytfoHxI
27     C02055        CÔNG TY CỔ PHẦN DỊCH VỤ BẢO VỆ THÀNH AN PRO  https://careerbuilder.vn/vi/nha-tuyen-dung/con...                                            Unknown
28     C02056              Công ty TNHH Sunjin Vina- CN Hưng Yên  https://careerbuilder.vn/vi/nha-tuyen-dung/con...        https://www.youtube.com/watch?v=sYZwpJ0udNI
29     C02057  Công ty TNHH một thành viên dịch vụ tư vấn doa...  https://careerbuilder.vn/vi/nha-tuyen-dung/con...                                            Unknown
30     C02058         CÔNG TY TNHH KIỂM TOÁN VÀ TƯ VẤN THUẾ ATAX  https://careerbuilder.vn/vi/nha-tuyen-dung/con...                                            Unknown
31     C02059                      Công ty TNHH Hóa dầu Long Sơn  https://careerbuilder.vn/vi/nha-tuyen-dung/con...                                            Unknown
32     C02060                     Công ty TNHH PrideVN Packaging  https://careerbuilder.vn/vi/nha-tuyen-dung/con...                                            Unknown
33     C02061                  TCL (Vietnam) Corporation Limited  https://careerbuilder.vn/vi/nha-tuyen-dung/tcl...  https://www.youtube.com/watch?v=_nNro_Y-OnQ&fe...
34     C02062                                  TKG Taekwang Vina  https://careerbuilder.vn/vi/nha-tuyen-dung/tkg...                                            Unknown
35     C02063   Công ty Cp đầu tư Xây dựng Hạ tầng và Giao thông  https://careerbuilder.vn/vi/nha-tuyen-dung/con...                                            Unknown
36     C02064                       Akati Wood (Vietnam) Co. Ltd  https://careerbuilder.vn/vi/nha-tuyen-dung/aka...                                            Unknown
37     C02065  CÔNG TY CỔ PHẦN TẬP ĐOÀN XUẤT - NHẬP KHẨU TRÁI...  https://careerbuilder.vn/vi/nha-tuyen-dung/con...                                            Unknown
38     C02066                Công Ty TNHH DV Trợ Thính Quang Đức  https://careerbuilder.vn/vi/nha-tuyen-dung/con...                                            Unknown
39     C02067                  Công Ty TNHH Grandhome Stone Vina  https://careerbuilder.vn/vi/nha-tuyen-dung/con...                                            Unknown
40     C02068                       Công Ty Cổ phần Nhà Hòa Bình  https://careerbuilder.vn/vi/nha-tuyen-dung/con...        https://www.youtube.com/watch?v=YhKcygRUVH0
41     C02069                       VPĐD Timtex Trading Co.,Ltd,  https://careerbuilder.vn/vi/nha-tuyen-dung/vpd...                                            Unknown
42     C02070  CÔNG TY TNHH THƯƠNG MẠI - DỊCH VỤ - KỸ THUẬT Đ...  https://careerbuilder.vn/vi/nha-tuyen-dung/con...                                            Unknown
43     C02071                            Công ty CP Du lịch Coxi  https://careerbuilder.vn/vi/nha-tuyen-dung/con...                                            Unknown
44     C02072                                        Marcom Mate  https://careerbuilder.vn/vi/nha-tuyen-dung/mar...                                            Unknown
45     C02073               Công ty Cổ phần Giáo dục Quốc tế ICS  https://careerbuilder.vn/vi/nha-tuyen-dung/con...                                            Unknown
46     C02074                             Công ty TNHH TMDV BAMA  https://careerbuilder.vn/vi/nha-tuyen-dung/con...                                            Unknown
47     C02075                                     ARIZE CO., LTD  https://careerbuilder.vn/vi/nha-tuyen-dung/ari...                                            Unknown

Save df_jobs_unknown to "companies.csv"

df_jobs merge with df_companies_sv
Done

            City    job_id                                      company_title company_id
0    Hồ Chí Minh  35BB8C26                Công ty TNHH MTV Nhà Hàng Hoàng Yến     C00014
1    Hồ Chí Minh  35BB8C1A                               Blue Sky Corporation     C02028
2        Đà Nẵng  35BB8C17                               Công Ty TNHH Rita Võ     C00943
3    Hồ Chí Minh  35BB8C1B                               Blue Sky Corporation     C02028
4    Hồ Chí Minh  35BB8C21                               Blue Sky Corporation     C02028
..           ...       ...                                                ...        ...
337    Quảng Nam  35BB881B                Công Ty Cổ Phần Tập Đoàn Trường Hải     C00799
338      Đà Nẵng  35BB881B                Công Ty Cổ Phần Tập Đoàn Trường Hải     C00799
339  Hồ Chí Minh  35BB881E                                     ARIZE CO., LTD     C02075
340       Hà Nội  35BB880B  Công ty CP Thiết kế Kiến trúc - Nội thất - Xây...     C01019
341  Hồ Chí Minh  35BB8820                                   Tập Đoàn Kim Tín     C01757

[342 rows x 4 columns]

df_jobs drop "company_title" column
Done

            City    job_id company_id
0    Hồ Chí Minh  35BB8C26     C00014
1    Hồ Chí Minh  35BB8C1A     C02028
2        Đà Nẵng  35BB8C17     C00943
3    Hồ Chí Minh  35BB8C1B     C02028
4    Hồ Chí Minh  35BB8C21     C02028
..           ...       ...        ...
337    Quảng Nam  35BB881B     C00799
338      Đà Nẵng  35BB881B     C00799
339  Hồ Chí Minh  35BB881E     C02075
340       Hà Nội  35BB880B     C01019
341  Hồ Chí Minh  35BB8820     C01757

[342 rows x 3 columns]

Save df_jobs to "location_job.csv"

Find unknown cities
{'Attapeu'}

Save unknown_cities to "city_country.csv"

Merge with df_companies_sv
Done

<class 'pandas.core.frame.DataFrame'>
Int64Index: 292 entries, 0 to 291
Data columns (total 21 columns):
 #   Column               Non-Null Count  Dtype 
---  ------               --------------  ----- 
 0   job_title            292 non-null    object
 1   job_id               292 non-null    object
 2   job_url              292 non-null    object
 3   company_title        292 non-null    object
 4   company_url          292 non-null    object
 5   company_video_url    292 non-null    object
 6   salary               292 non-null    object
 7   location             292 non-null    object
 8   outstanding_welfare  292 non-null    object
 9   announcement_date    292 non-null    object
 10  nganh_nghe           292 non-null    object
 11  hinh_thuc            292 non-null    object
 12  kinh_nghiem          292 non-null    object
 13  cap_bac              292 non-null    object
 14  expiration_date      292 non-null    object
 15  detailed_welfare     292 non-null    object
 16  job_description      292 non-null    object
 17  job_requirements     292 non-null    object
 18  other_info           292 non-null    object
 19  job_tags             292 non-null    object
 20  company_id           292 non-null    object
dtypes: object(21)
memory usage: 50.2+ KB

Drop "location", "company_title", "company_url" and "company_video_url" columns
Done

<class 'pandas.core.frame.DataFrame'>
Int64Index: 292 entries, 0 to 291
Data columns (total 17 columns):
 #   Column               Non-Null Count  Dtype 
---  ------               --------------  ----- 
 0   job_title            292 non-null    object
 1   job_id               292 non-null    object
 2   job_url              292 non-null    object
 3   salary               292 non-null    object
 4   outstanding_welfare  292 non-null    object
 5   announcement_date    292 non-null    object
 6   nganh_nghe           292 non-null    object
 7   hinh_thuc            292 non-null    object
 8   kinh_nghiem          292 non-null    object
 9   cap_bac              292 non-null    object
 10  expiration_date      292 non-null    object
 11  detailed_welfare     292 non-null    object
 12  job_description      292 non-null    object
 13  job_requirements     292 non-null    object
 14  other_info           292 non-null    object
 15  job_tags             292 non-null    object
 16  company_id           292 non-null    object
dtypes: object(17)
memory usage: 41.1+ KB

1.3) Processing "outstanding_welfare" column

outstanding_welfare in raw data:
  'Du Lịch'
  'Laptop'
  'Chăm sóc sức khỏe'
  'Unknown'
  'Đào tạo'
  'Phụ cấp'
  'Chế độ thưởng'
  'Xe đưa đón'
  'Đồng phục'
  'Tăng lương'
  'Du lịch nước ngoài'
  'Chế độ bảo hiểm'

Repair wrong text
Done

outstanding_welfare in raw data:
  'Du Lịch'
  'Laptop'
  'Chăm sóc sức khỏe'
  'Unknown'
  'Đào tạo'
  'Phụ cấp'
  'Chế độ thưởng'
  'Xe đưa đón'
  'Đồng phục'
  'Tăng lương'
  'Du lịch nước ngoài'
  'Chế độ bảo hiểm'

Processing "outstanding_welfare" column
Done

Explode df_outstanding_welfare dataset
Done

       job_id outstanding_welfare
0    35BB8C26     Chế độ bảo hiểm
0    35BB8C26             Du Lịch
0    35BB8C26       Chế độ thưởng
1    35BB8C1A              Laptop
1    35BB8C1A     Chế độ bảo hiểm
..        ...                 ...
289  35BB881E             Phụ cấp
290  35BB880B              Laptop
290  35BB880B     Chế độ bảo hiểm
290  35BB880B             Du Lịch
291  35BB8820             Unknown

[847 rows x 2 columns]

Save df_outstanding_welfare to "outstanding_welfare_job.csv"

Drop "outstanding_welfare" column
Done

<class 'pandas.core.frame.DataFrame'>
Int64Index: 292 entries, 0 to 291
Data columns (total 16 columns):
 #   Column             Non-Null Count  Dtype 
---  ------             --------------  ----- 
 0   job_title          292 non-null    object
 1   job_id             292 non-null    object
 2   job_url            292 non-null    object
 3   salary             292 non-null    object
 4   announcement_date  292 non-null    object
 5   nganh_nghe         292 non-null    object
 6   hinh_thuc          292 non-null    object
 7   kinh_nghiem        292 non-null    object
 8   cap_bac            292 non-null    object
 9   expiration_date    292 non-null    object
 10  detailed_welfare   292 non-null    object
 11  job_description    292 non-null    object
 12  job_requirements   292 non-null    object
 13  other_info         292 non-null    object
 14  job_tags           292 non-null    object
 15  company_id         292 non-null    object
dtypes: object(16)
memory usage: 38.8+ KB

1.4) Processing "detailed_welfare" column

detailed_welfare in raw data:
  'Du Lịch'
  'Laptop'
  'Chăm sóc sức khỏe'
  'Unknown'
  'Đào tạo'
  'Phụ cấp thâm niên'
  'Nghỉ phép năm'
  'Phụ cấp'
  'Chế độ thưởng'
  'Tăng lương'
  'Đồng phục'
  'Xe đưa đón'
  'Công tác phí'
  'Du lịch nước ngoài'
  'Chế độ bảo hiểm'
  'CLB thể thao'

Processing "detailed_welfare" column
Done

Explode df_detailed_welfare dataset
Done

       job_id   detailed_welfare
0    35BB8C26    Chế độ bảo hiểm
0    35BB8C26            Du Lịch
0    35BB8C26      Chế độ thưởng
0    35BB8C26  Chăm sóc sức khỏe
0    35BB8C26            Đào tạo
..        ...                ...
290  35BB880B       Công tác phí
290  35BB880B  Phụ cấp thâm niên
290  35BB880B      Nghỉ phép năm
290  35BB880B       CLB thể thao
291  35BB8820            Unknown

[2302 rows x 2 columns]

Save df_detailed_welfare to "detailed_welfare_job.csv"

Drop "detailed_welfare" column
Done

<class 'pandas.core.frame.DataFrame'>
Int64Index: 292 entries, 0 to 291
Data columns (total 15 columns):
 #   Column             Non-Null Count  Dtype 
---  ------             --------------  ----- 
 0   job_title          292 non-null    object
 1   job_id             292 non-null    object
 2   job_url            292 non-null    object
 3   salary             292 non-null    object
 4   announcement_date  292 non-null    object
 5   nganh_nghe         292 non-null    object
 6   hinh_thuc          292 non-null    object
 7   kinh_nghiem        292 non-null    object
 8   cap_bac            292 non-null    object
 9   expiration_date    292 non-null    object
 10  job_description    292 non-null    object
 11  job_requirements   292 non-null    object
 12  other_info         292 non-null    object
 13  job_tags           292 non-null    object
 14  company_id         292 non-null    object
dtypes: object(15)
memory usage: 36.5+ KB

1.5) Processing "nganh_nghe" column

nganh_nghe in raw data:
  'Bán hàng / Kinh doanh'
  'Quản lý điều hành'
  'Chứng khoán'
  'Điện / Điện tử / Điện lạnh'
  'Dược phẩm'
  'An Ninh / Bảo Vệ'
  'Unknown'
  'Vận chuyển / Giao nhận /  Kho vận'
  'Tiếp thị trực tuyến'
  'CNTT - Phần cứng / Mạng'
  'An toàn lao động'
  'Bảo trì / Sửa chữa'
  'In ấn / Xuất bản'
  'Chăn nuôi / Thú y'
  'Luật / Pháp lý'
  'Quảng cáo / Đối ngoại / Truyền Thông'
  'Ngân hàng'
  'Tiếp thị / Marketing'
  'Kiến trúc'
  'Bảo hiểm'
  'Tư vấn'
  'Mỹ thuật / Nghệ thuật / Thiết kế'
  'Kế toán / Kiểm toán'
  'Công nghệ sinh học'
  'Y tế / Chăm sóc sức khỏe'
  'Tổ chức sự kiện'
  'Hóa học'
  'Thống kê'
  'Thực phẩm & Đồ uống'
  'Bưu chính viễn thông'
  'Tài chính / Đầu tư'
  'Sản xuất / Vận hành sản xuất'
  'Hàng gia dụng / Chăm sóc cá nhân'
  'Nhà hàng / Khách sạn'
  'Lâm Nghiệp'
  'Môi trường'
  'Mới tốt nghiệp / Thực tập'
  'Nhân sự'
  'Bán lẻ / Bán sỉ'
  'Đồ gỗ'
  'Biên phiên dịch'
  'Cơ khí / Ô tô / Tự động hóa'
  'Xuất nhập khẩu'
  'Ngành khác'
  'Xây dựng'
  'Thu mua / Vật tư'
  'Nội ngoại thất'
  'Du lịch'
  'Công nghệ thực phẩm / Dinh dưỡng'
  'Dịch vụ khách hàng'
  'Bất động sản'
  'Dệt may / Da giày / Thời trang'
  'Hành chính / Thư ký'
  'Truyền hình / Báo chí / Biên tập'
  'CNTT - Phần mềm'
  'Giáo dục / Đào tạo'
  'Nông nghiệp'
  'Quản lý chất lượng (QA/QC)'

Processing "nganh_nghe" column
Done

Explode df_nganh_nghe dataset
Done

       job_id                        nganh_nghe
0    35BB8C26               Kế toán / Kiểm toán
0    35BB8C26                         Ngân hàng
0    35BB8C26              Nhà hàng / Khách sạn
1    35BB8C1A  Mỹ thuật / Nghệ thuật / Thiết kế
2    35BB8C17                   Bán lẻ / Bán sỉ
..        ...                               ...
289  35BB881E                        Ngành khác
290  35BB880B  Mỹ thuật / Nghệ thuật / Thiết kế
290  35BB880B                         Kiến trúc
290  35BB880B                    Nội ngoại thất
291  35BB8820               Kế toán / Kiểm toán

[721 rows x 2 columns]

Save df_nganh_nghe to "nganh_nghe_job.csv"

Drop "nganh_nghe" column
Done

<class 'pandas.core.frame.DataFrame'>
Int64Index: 292 entries, 0 to 291
Data columns (total 14 columns):
 #   Column             Non-Null Count  Dtype 
---  ------             --------------  ----- 
 0   job_title          292 non-null    object
 1   job_id             292 non-null    object
 2   job_url            292 non-null    object
 3   salary             292 non-null    object
 4   announcement_date  292 non-null    object
 5   hinh_thuc          292 non-null    object
 6   kinh_nghiem        292 non-null    object
 7   cap_bac            292 non-null    object
 8   expiration_date    292 non-null    object
 9   job_description    292 non-null    object
 10  job_requirements   292 non-null    object
 11  other_info         292 non-null    object
 12  job_tags           292 non-null    object
 13  company_id         292 non-null    object
dtypes: object(14)
memory usage: 34.2+ KB

1.6) Processing "job_tags" column

Processing "job_tags" column
Done

Explode df_job_tags dataset
Done

       job_id                   job_tags
0    35BB8C26            kế toán công nợ
0    35BB8C26          Nhân viên kế toán
0    35BB8C26        Chuyên viên kế toán
1    35BB8C1A                 Purchasing
1    35BB8C1A  Nhân viên mua hàng  Staff
..        ...                        ...
291  35BB8820            Sales Executive
291  35BB8820     Chuyên Viên Kinh Doanh
291  35BB8820                 Sales Dept
291  35BB8820            Sales Logistics
291  35BB8820                Sales Staff

[1348 rows x 2 columns]

Save df_job_tags to "job_tags_job.csv"

Drop "job_tags" column
Done

<class 'pandas.core.frame.DataFrame'>
Int64Index: 292 entries, 0 to 291
Data columns (total 13 columns):
 #   Column             Non-Null Count  Dtype 
---  ------             --------------  ----- 
 0   job_title          292 non-null    object
 1   job_id             292 non-null    object
 2   job_url            292 non-null    object
 3   salary             292 non-null    object
 4   announcement_date  292 non-null    object
 5   hinh_thuc          292 non-null    object
 6   kinh_nghiem        292 non-null    object
 7   cap_bac            292 non-null    object
 8   expiration_date    292 non-null    object
 9   job_description    292 non-null    object
 10  job_requirements   292 non-null    object
 11  other_info         292 non-null    object
 12  company_id         292 non-null    object
dtypes: object(13)
memory usage: 31.9+ KB

1.7) Processing "salary" column

Test if all values in "saraly" column start with 'Lương: '
Empty DataFrame
Columns: [job_title, job_id, job_url, salary, announcement_date, hinh_thuc, kinh_nghiem, cap_bac, expiration_date, job_description, job_requirements, other_info, company_id]
Index: []

Test if remove 7 characters at beginning (x[7:]), and get unique values
 '1 Tr - 2 Tr VND'
 '10 - 12 VND'
 '10 Tr - 12 Tr VND'
 '10 Tr - 15 Tr VND'
 '10 Tr - 16 Tr VND'
 '10 Tr - 17 Tr VND'
 '10 Tr - 18 Tr VND'
 '10 Tr - 20 Tr VND'
 '10 Tr - 30 Tr VND'
 '11 Tr - 13 Tr VND'
 '11 Tr - 14 Tr VND'
 '11 Tr - 15,4 Tr VND'
 '11 Tr - 17,6 Tr VND'
 '12 Tr - 15 Tr VND'
 '12 Tr - 16 Tr VND'
 '12 Tr - 18 Tr VND'
 '12 Tr - 20 Tr VND'
 '12 Tr - 25 Tr VND'
 '12 Tr - 40 Tr VND'
 '13 Tr - 16 Tr VND'
 '13 Tr - 17 Tr VND'
 '13 Tr - 18 Tr VND'
 '13,2 Tr - 55 Tr VND'
 '14 Tr - 16 Tr VND'
 '14 Tr - 20 Tr VND'
 '14,3 Tr - 16,5 Tr VND'
 '15 Tr - 18 Tr VND'
 '15 Tr - 20 Tr VND'
 '15 Tr - 25 Tr VND'
 '15 Tr - 30 Tr VND'
 '16 Tr - 25 Tr VND'
 '17 Tr - 20 Tr VND'
 '18 Tr - 20 Tr VND'
 '18 Tr - 22 Tr VND'
 '18 Tr - 25 Tr VND'
 '18 Tr - 30 Tr VND'
 '20 Tr - 30 Tr VND'
 '20 Tr - 35 Tr VND'
 '20 Tr - 40 Tr VND'
 '20 Tr - 45 Tr VND'
 '20 Tr - 60 Tr VND'
 '24 Tr - 30 Tr VND'
 '25 Tr - 30 Tr VND'
 '25 Tr - 35 Tr VND'
 '25 Tr - 60 Tr VND'
 '3 Tr - 3 Tr VND'
 '30 Tr - 50 Tr VND'
 '44 Tr - 66 Tr VND'
 '45 Tr - 60 Tr VND'
 '5,3 Tr - 8,4 Tr VND'
 '5,8 Tr - 10 Tr VND'
 '6 Tr - 10 Tr VND'
 '6 Tr - 8 Tr VND'
 '6,5 Tr - 7 Tr VND'
 '6,5 Tr - 9 Tr VND'
 '7 Tr - 10 Tr VND'
 '7 Tr - 12 Tr VND'
 '7 Tr - 24 Tr VND'
 '7 Tr - 8 Tr VND'
 '7 Tr - 9 Tr VND'
 '7,5 Tr - 8,5 Tr VND'
 '8 Tr - 10 Tr VND'
 '8 Tr - 11 Tr VND'
 '8 Tr - 12 Tr VND'
 '8 Tr - 13 Tr VND'
 '8 Tr - 15 Tr VND'
 '8 Tr - 20 Tr VND'
 '8 Tr - 30 Tr VND'
 '8 Tr - 9 Tr VND'
 '8,5 Tr - 12 Tr VND'
 '9 Tr - 10 Tr VND'
 '9 Tr - 11 Tr VND'
 '9 Tr - 12 Tr VND'
 '9 Tr - 13 Tr VND'
 '9 Tr - 15 Tr VND'
 'Cạnh tranh'
 'Dưới10 Tr VND'
 'Dưới15 Tr VND'
 'Trên 10 Tr VND'
 'Trên 12 Tr VND'
 'Trên 20 Tr VND'
 'Trên 4 Tr VND'

Processing "salary" column: remove 7 characters at beginning (x[7:])
Done

0      10 Tr - 12 Tr VND
1      12 Tr - 15 Tr VND
2             Cạnh tranh
3       8 Tr - 10 Tr VND
4       8 Tr - 10 Tr VND
             ...        
287           Cạnh tranh
288           Cạnh tranh
289       Trên 10 Tr VND
290    12 Tr - 20 Tr VND
291          10 - 12 VND
Name: salary, Length: 292, dtype: object

Check after removing all known patterns
 '10 - 12 VND'
 'Cạnh tranh'
Processing "salary" column: processing with processing_salary function
Done

Split "salary" column into two columns: "lb_salary" column and "ub_salary" columns
Drop "salary" column
Done

<class 'pandas.core.frame.DataFrame'>
Int64Index: 292 entries, 0 to 291
Data columns (total 14 columns):
 #   Column             Non-Null Count  Dtype 
---  ------             --------------  ----- 
 0   job_title          292 non-null    object
 1   job_id             292 non-null    object
 2   job_url            292 non-null    object
 3   announcement_date  292 non-null    object
 4   hinh_thuc          292 non-null    object
 5   kinh_nghiem        292 non-null    object
 6   cap_bac            292 non-null    object
 7   expiration_date    292 non-null    object
 8   job_description    292 non-null    object
 9   job_requirements   292 non-null    object
 10  other_info         292 non-null    object
 11  company_id         292 non-null    object
 12  lb_salary          292 non-null    object
 13  ub_salary          292 non-null    object
dtypes: object(14)
memory usage: 34.2+ KB

1.8) Processing "announcement_date" column

Check min and max of "announcement_date" column
Min: 10
Max: 10
Processing "announcement_date" column: rearrange date format YYYY-MM-DD
Done

0      2023-03-04
1      2023-03-04
2      2023-03-04
3      2023-03-04
4      2023-03-04
          ...    
287    2023-03-02
288    2023-03-02
289    2023-03-02
290    2023-03-02
291    2023-03-02
Name: announcement_date, Length: 292, dtype: object

1.9) Processing "hinh_thuc" column

Check unique values in "hinh_thuc" column
['Nhân viên chính thức' 'Nhân viên chính thức, Thời vụ/ Nghề tự do'
 'Thời vụ/ Nghề tự do' 'Unknown' 'Nhân viên chính thức, Bán thời gian'
 'Bán thời gian' 'Nhân viên chính thức, Bán thời gian, Thực tập'
 'Thực tập']

hinh_thuc in raw data:
  'Unknown'
  'Bán thời gian'
  'Thời vụ/ Nghề tự do'
  'Nhân viên chính thức'
  'Thực tập'

Processing "hinh_thuc" column
Done

Explode df_hinh_thuc dataset
Done

       job_id             hinh_thuc
0    35BB8C26  Nhân viên chính thức
1    35BB8C1A  Nhân viên chính thức
2    35BB8C17  Nhân viên chính thức
2    35BB8C17   Thời vụ/ Nghề tự do
3    35BB8C1B  Nhân viên chính thức
..        ...                   ...
287  35BB8815               Unknown
288  35BB881B  Nhân viên chính thức
289  35BB881E  Nhân viên chính thức
290  35BB880B  Nhân viên chính thức
291  35BB8820  Nhân viên chính thức

[299 rows x 2 columns]

Save df_hinh_thuc to "hinh_thuc_job.csv"

Drop "hinh_thuc" column
Done

<class 'pandas.core.frame.DataFrame'>
Int64Index: 292 entries, 0 to 291
Data columns (total 13 columns):
 #   Column             Non-Null Count  Dtype 
---  ------             --------------  ----- 
 0   job_title          292 non-null    object
 1   job_id             292 non-null    object
 2   job_url            292 non-null    object
 3   announcement_date  292 non-null    object
 4   kinh_nghiem        292 non-null    object
 5   cap_bac            292 non-null    object
 6   expiration_date    292 non-null    object
 7   job_description    292 non-null    object
 8   job_requirements   292 non-null    object
 9   other_info         292 non-null    object
 10  company_id         292 non-null    object
 11  lb_salary          292 non-null    object
 12  ub_salary          292 non-null    object
dtypes: object(13)
memory usage: 31.9+ KB

1.10) Processing "expiration_date" column

Copying "expiration_date" column
Done

Check "expiration_date" that does not have format DD/MM/YYYY
Number of error rows: 54

Mode repairing "expiration_date"
Unique error values:
['Unknown']

Try to repair from "kinh_nghiem"

                  kinh_nghiem
2                   Nhân viên
12                  Nhân viên
13                  Nhân viên
15                  Nhân viên
24             Mới tốt nghiệp
28                  Nhân viên
29             Mới tốt nghiệp
34                  Nhân viên
35                  Nhân viên
67                    Unknown
68   Sinh viên/ Thực tập sinh
70                    Unknown
78                  Nhân viên
92                  Nhân viên
93                  Nhân viên
101                 Nhân viên
103                 Nhân viên
110  Sinh viên/ Thực tập sinh
122                 Nhân viên
131                 Nhân viên
133                 Nhân viên
137                 Nhân viên
139                   Unknown
143                 Nhân viên
146                 Nhân viên
150                 Nhân viên
152                 Nhân viên
153                 Nhân viên
162                 Nhân viên
164                 Nhân viên
165                   Unknown
168  Sinh viên/ Thực tập sinh
174                 Nhân viên
175                   Unknown
179            Mới tốt nghiệp
180                 Nhân viên
189                 Nhân viên
192                   Unknown
204                 Nhân viên
207                   Unknown
213                   Unknown
215                   Unknown
217                   Unknown
218                 Nhân viên
239                   Unknown
240                 Nhân viên
244                   Unknown
252                 Nhân viên
266                 Nhân viên
270                   Unknown
274                 Nhân viên
277                 Nhân viên
285                   Unknown
287                   Unknown

Check if any "kinh_nghiem" have format of DD/MM/YYYY

Number of satisfied kinh_nghiem rows: 0

No satisfied kinh_nghiem row to repair
Try to repair from "cap_bac"

        cap_bac
2    30/06/2023
12   28/02/2023
13   04/03/2023
15   03/04/2023
24   01/04/2023
28   30/04/2023
29   03/04/2023
34   02/03/2023
35   03/04/2023
67      Unknown
68   31/05/2023
70      Unknown
78   03/04/2023
92   02/04/2023
93   31/03/2023
101  11/05/2023
103  31/03/2023
110  03/04/2023
122  03/04/2023
131  03/04/2023
133  17/02/2023
137  31/03/2023
139     Unknown
143  31/03/2023
146  24/03/2023
150  04/04/2023
152  04/04/2023
153  24/03/2023
162  29/04/2023
164  10/03/2023
165     Unknown
168  31/05/2023
174  22/03/2023
175     Unknown
179  22/03/2023
180  30/04/2023
189  02/04/2023
192     Unknown
204  18/08/2024
207     Unknown
213     Unknown
215     Unknown
217     Unknown
218  24/03/2023
239     Unknown
240  31/03/2023
244     Unknown
252  31/03/2023
266  03/04/2023
270     Unknown
274  01/04/2023
277  30/04/2023
285     Unknown
287     Unknown

Check if any "cap_bac" have format of DD/MM/YYYY

Number of satisfied cap_bac rows: 39

Unique values of "cap_bac" to repair
['30/06/2023' '28/02/2023' '04/03/2023' '03/04/2023' '01/04/2023'
 '30/04/2023' '02/03/2023' '31/05/2023' '02/04/2023' '31/03/2023'
 '11/05/2023' '17/02/2023' '24/03/2023' '04/04/2023' '29/04/2023'
 '10/03/2023' '22/03/2023' '18/08/2024']

Unique values of "expiration_date" to be repaired
['Unknown']

Repairing

Done

Unique values of "cap_bac" to repair
['Unknown']

Unique values of "expiration_date" to be repaired
['30/06/2023' '28/02/2023' '04/03/2023' '03/04/2023' '01/04/2023'
 '30/04/2023' '02/03/2023' '31/05/2023' '02/04/2023' '31/03/2023'
 '11/05/2023' '17/02/2023' '24/03/2023' '04/04/2023' '29/04/2023'
 '10/03/2023' '22/03/2023' '18/08/2024']

Reduce idx_repaired
Done
Number of remaining error rows: 15

Check min max of "expiration_date" column
Min: 7
Max: 10

Check len not 10 in "expiration_date" column
['Unknown']

Check len 10 in "expiration_date" column
['04/04/2023' '31/03/2023' '30/06/2023' '30/03/2023' '01/04/2023'
 '12/12/2022' '28/02/2023' '04/03/2023' '03/04/2023' '31/03/2021'
 '07/04/2023' '13/01/2023' '30/04/2023' '02/03/2023' '02/04/2023'
 '16/04/2023' '06/04/2023' '05/04/2023' '20/03/2023' '08/04/2023'
 '11/03/2023' '19/02/2023' '01/06/2022' '31/05/2023' '06/01/2023'
 '19/03/2023' '15/01/2023' '11/05/2023' '17/03/2023' '03/03/2023'
 '13/04/2023' '01/05/2023' '17/02/2023' '28/04/2023' '24/03/2023'
 '10/04/2023' '15/04/2023' '29/04/2023' '19/04/2023' '10/03/2023'
 '29/06/2023' '22/03/2023' '15/03/2023' '20/02/2023' '03/03/2025'
 '08/02/2024' '13/03/2024' '18/08/2024' '18/08/2022' '22/02/2023'
 '09/03/2023' '19/09/2022']

Processing "expiration_date" column:
Done

['2023-04-04' '2023-03-31' '2023-06-30' '2023-03-30' '2023-04-01'
 '2022-12-12' '2023-02-28' '2023-03-04' '2023-04-03' '2021-03-31'
 '2023-04-07' '2023-01-13' '2023-04-30' '2023-03-02' '2023-04-02'
 '2023-04-16' '2023-04-06' '2023-04-05' '2023-03-20' '2023-04-08'
 '2023-03-11' '2023-02-19' '2022-06-01' 'Unknown' '2023-05-31'
 '2023-01-06' '2023-03-19' '2023-01-15' '2023-05-11' '2023-03-17'
 '2023-03-03' '2023-04-13' '2023-05-01' '2023-02-17' '2023-04-28'
 '2023-03-24' '2023-04-10' '2023-04-15' '2023-04-29' '2023-04-19'
 '2023-03-10' '2023-06-29' '2023-03-22' '2023-03-15' '2023-02-20'
 '2025-03-03' '2024-02-08' '2024-03-13' '2024-08-18' '2022-08-18'
 '2023-02-22' '2023-03-09' '2022-09-19']

1.11) Processing "cap_bac" column

Existing cap_bac in server
 'Tổng giám đốc'
 'Giám đốc'
 'Phó Giám đốc'
 'Quản lý'
 'Trưởng nhóm / Giám sát'
 'Nhân viên'
 'Mới tốt nghiệp'
 'Sinh viên/ Thực tập sinh'

Raw cap_bac in raw data
 'Nhân viên'
 'Trưởng nhóm / Giám sát'
 'Mới tốt nghiệp'
 'Quản lý'
 'Giám đốc'
 'Sinh viên/ Thực tập sinh'

Check Unknown "cap_bac"
Number of unknown "cap_bac": 54

Mode repairing "cap_bac"
Try to repair from "kinh_nghiem"

                  kinh_nghiem
2                   Nhân viên
12                  Nhân viên
13                  Nhân viên
15                  Nhân viên
24             Mới tốt nghiệp
28                  Nhân viên
29             Mới tốt nghiệp
34                  Nhân viên
35                  Nhân viên
67                    Unknown
68   Sinh viên/ Thực tập sinh
70                    Unknown
78                  Nhân viên
92                  Nhân viên
93                  Nhân viên
101                 Nhân viên
103                 Nhân viên
110  Sinh viên/ Thực tập sinh
122                 Nhân viên
131                 Nhân viên
133                 Nhân viên
137                 Nhân viên
139                   Unknown
143                 Nhân viên
146                 Nhân viên
150                 Nhân viên
152                 Nhân viên
153                 Nhân viên
162                 Nhân viên
164                 Nhân viên
165                   Unknown
168  Sinh viên/ Thực tập sinh
174                 Nhân viên
175                   Unknown
179            Mới tốt nghiệp
180                 Nhân viên
189                 Nhân viên
192                   Unknown
204                 Nhân viên
207                   Unknown
213                   Unknown
215                   Unknown
217                   Unknown
218                 Nhân viên
239                   Unknown
240                 Nhân viên
244                   Unknown
252                 Nhân viên
266                 Nhân viên
270                   Unknown
274                 Nhân viên
277                 Nhân viên
285                   Unknown
287                   Unknown

Check if any "kinh_nghiem" in list of raw_cap_bac

Number of satisfied kinh_nghiem rows: 39

Unique values of "kinh_nghiem" to repair
['Nhân viên' 'Mới tốt nghiệp' 'Sinh viên/ Thực tập sinh']

Unique values of "cap_bac" to be repaired
['Unknown']

Repairing

Done

Unique values of "kinh_nghiem" to repair
['Unknown']

Unique values of "cap_bac" to be repaired
['Nhân viên' 'Mới tốt nghiệp' 'Sinh viên/ Thực tập sinh']

Reduce idx_repaired
Done
Number of remaining error rows: 15

Try to repair from "expiration_date_2"

    expiration_date_2
192           Unknown
67            Unknown
165           Unknown
70            Unknown
139           Unknown
270           Unknown
175           Unknown
207           Unknown
239           Unknown
244           Unknown
213           Unknown
215           Unknown
217           Unknown
285           Unknown
287           Unknown

Check if any "expiration_date_2" in list of raw_cap_bac

Number of satisfied expiration_date_2 rows: 0

No satisfied expiration_date_2 row to repair
Check unique values in "cap_bac"
['Nhân viên' 'Trưởng nhóm / Giám sát' 'Mới tốt nghiệp' 'Quản lý'
 'Giám đốc' 'Unknown' 'Sinh viên/ Thực tập sinh']

cap_bac: ['Tổng giám đốc', 'Giám đốc', 'Phó Giám đốc', 'Quản lý', 'Trưởng nhóm / Giám sát', 'Nhân viên', 'Mới tốt nghiệp', 'Sinh viên/ Thực tập sinh']

raw_cap_bac: ['Nhân viên', 'Trưởng nhóm / Giám sát', 'Mới tốt nghiệp', 'Quản lý', 'Giám đốc', 'Sinh viên/ Thực tập sinh']

Check new cap_bac
[]

There is no new_cap_bac
Create empty new ordered_cap_bac
Empty DataFrame
Columns: [cap_bac, STT]
Index: []

Save df_ordered_cap_bac_new to "ordered_cap_bac.csv"

1.12) Processing "kinh_nghiem" column

Unique values in "kinh_nghiem" column
 '1 - 1 Năm'
 '1 - 10 Năm'
 '1 - 2 Năm'
 '1 - 3 Năm'
 '1 - 5 Năm'
 '1 - 8 Năm'
 '10 - 15 Năm'
 '2 - 10 Năm'
 '2 - 3 Năm'
 '2 - 4 Năm'
 '2 - 5 Năm'
 '3 - 10 Năm'
 '3 - 4 Năm'
 '3 - 5 Năm'
 '3 - 6 Năm'
 '3 - 7 Năm'
 '4 - 5 Năm'
 '5 - 10 Năm'
 '5 - 15 Năm'
 '5 - 7 Năm'
 'Chưa có kinh nghiệm'
 'Dưới 1Năm'
 'Trên 1 Năm'
 'Trên 10 Năm'
 'Trên 2 Năm'
 'Trên 3 Năm'
 'Trên 5 Năm'
 'Unknown'
Check after removing all known patterns
 'Chưa có kinh nghiệm'
 'Unknown'
Processing "kinh_nghiem" column
0           [1, 2]
1           [1, 2]
2      [Unknown, ]
3           [1, 2]
4           [1, 2]
          ...     
287    [Unknown, ]
288         [3, 5]
289        [1, 40]
290         [1, 5]
291         [1, 2]
Name: kinh_nghiem, Length: 292, dtype: object

Split "kinh_nghiem" column into two columns: "lb_kinh_nghiem" column and "ub_kinh_nghiem" column

Drop "kinh_nghiem" column
<class 'pandas.core.frame.DataFrame'>
Int64Index: 292 entries, 0 to 291
Data columns (total 15 columns):
 #   Column             Non-Null Count  Dtype 
---  ------             --------------  ----- 
 0   job_title          292 non-null    object
 1   job_id             292 non-null    object
 2   job_url            292 non-null    object
 3   announcement_date  292 non-null    object
 4   cap_bac            292 non-null    object
 5   expiration_date    292 non-null    object
 6   job_description    292 non-null    object
 7   job_requirements   292 non-null    object
 8   other_info         292 non-null    object
 9   company_id         292 non-null    object
 10  lb_salary          292 non-null    object
 11  ub_salary          292 non-null    object
 12  expiration_date_2  292 non-null    object
 13  lb_kinh_nghiem     292 non-null    object
 14  ub_kinh_nghiem     292 non-null    object
dtypes: object(15)
memory usage: 44.6+ KB

Drop "expiration_date_2" column
<class 'pandas.core.frame.DataFrame'>
Int64Index: 292 entries, 0 to 291
Data columns (total 14 columns):
 #   Column             Non-Null Count  Dtype 
---  ------             --------------  ----- 
 0   job_title          292 non-null    object
 1   job_id             292 non-null    object
 2   job_url            292 non-null    object
 3   announcement_date  292 non-null    object
 4   cap_bac            292 non-null    object
 5   expiration_date    292 non-null    object
 6   job_description    292 non-null    object
 7   job_requirements   292 non-null    object
 8   other_info         292 non-null    object
 9   company_id         292 non-null    object
 10  lb_salary          292 non-null    object
 11  ub_salary          292 non-null    object
 12  lb_kinh_nghiem     292 non-null    object
 13  ub_kinh_nghiem     292 non-null    object
dtypes: object(14)
memory usage: 42.3+ KB

Check fill Unknown for "lb_kinh_nghiem" column and "ub_kinh_nghiem" column
Number of unknown kinh nghiem: 54

Unique unknown values in "lb_kinh_nghiem" column
['Unknown']

Unique unknown values in "ub_kinh_nghiem" column
['']

Fill Unknown for "lb_kinh_nghiem" column and "ub_kinh_nghiem" column
Done

Summary warning
Exists 1 new cities: {'Attapeu'}
Save df to "jobs.csv"

